0 info it worked if it ends with ok
1 verbose cli [
1 verbose cli   '/usr/local/bin/node',
1 verbose cli   '/usr/local/bin/npm',
1 verbose cli   'install',
1 verbose cli   '--ignore-scripts',
1 verbose cli   '@types/abbrev@ts3.6',
1 verbose cli   '@types/accepts@ts3.6',
1 verbose cli   '@types/ansi-align@ts3.6',
1 verbose cli   '@types/are-we-there-yet@ts3.6',
1 verbose cli   '@types/asn1@ts3.6',
1 verbose cli   '@types/assert-plus@ts3.6',
1 verbose cli   '@types/aws4@ts3.6',
1 verbose cli   '@types/balanced-match@ts3.6',
1 verbose cli   '@types/brace-expansion@ts3.6',
1 verbose cli   '@types/braces@ts3.6',
1 verbose cli   '@types/bytes@ts3.6',
1 verbose cli   '@types/caseless@ts3.6',
1 verbose cli   '@types/chownr@ts3.6',
1 verbose cli   '@types/color-convert@ts3.6',
1 verbose cli   '@types/color-name@ts3.6',
1 verbose cli   '@types/combined-stream@ts3.6',
1 verbose cli   '@types/concat-map@ts3.6',
1 verbose cli   '@types/configstore@ts3.6',
1 verbose cli   '@types/content-disposition@ts3.6',
1 verbose cli   '@types/content-type@ts3.6',
1 verbose cli   '@types/cookie@ts3.6',
1 verbose cli   '@types/cookie-signature@ts3.6',
1 verbose cli   '@types/core-util-is@ts3.6',
1 verbose cli   '@types/dashdash@ts3.6',
1 verbose cli   '@types/debug@ts3.6',
1 verbose cli   '@types/deep-extend@ts3.6',
1 verbose cli   '@types/delegates@ts3.6',
1 verbose cli   '@types/depd@ts3.6',
1 verbose cli   '@types/destroy@ts3.6',
1 verbose cli   '@types/detect-libc@ts3.6',
1 verbose cli   '@types/duplexer3@ts3.6',
1 verbose cli   '@types/ee-first@ts3.6',
1 verbose cli   '@types/encodeurl@ts3.6',
1 verbose cli   '@types/end-of-stream@ts3.6',
1 verbose cli   '@types/escape-html@ts3.6',
1 verbose cli   '@types/etag@ts3.6',
1 verbose cli   '@types/extend@ts3.6',
1 verbose cli   '@types/extsprintf@ts3.6',
1 verbose cli   '@types/fill-range@ts3.6',
1 verbose cli   '@types/finalhandler@ts3.6',
1 verbose cli   '@types/forever-agent@ts3.6',
1 verbose cli   '@types/forwarded@ts3.6',
1 verbose cli   '@types/fresh@ts3.6',
1 verbose cli   '@types/fs-minipass@ts3.6',
1 verbose cli   '@types/gauge@ts3.6',
1 verbose cli   '@types/getpass@ts3.6',
1 verbose cli   '@types/glob-parent@ts3.6',
1 verbose cli   '@types/graceful-fs@ts3.6',
1 verbose cli   '@types/http-cache-semantics@ts3.6',
1 verbose cli   '@types/http-errors@ts3.6',
1 verbose cli   '@types/http-signature@ts3.6',
1 verbose cli   '@types/ignore-by-default@ts3.6',
1 verbose cli   '@types/ignore-walk@ts3.6',
1 verbose cli   '@types/imurmurhash@ts3.6',
1 verbose cli   '@types/inflight@ts3.6',
1 verbose cli   '@types/inherits@ts3.6',
1 verbose cli   '@types/ini@ts3.6',
1 verbose cli   '@types/is-ci@ts3.6',
1 verbose cli   '@types/is-glob@ts3.6',
1 verbose cli   '@types/is-number@ts3.6',
1 verbose cli   '@types/is-typedarray@ts3.6',
1 verbose cli   '@types/isarray@ts3.6',
1 verbose cli   '@types/isexe@ts3.6',
1 verbose cli   '@types/isstream@ts3.6',
1 verbose cli   '@types/jsbn@ts3.6',
1 verbose cli   '@types/json-buffer@ts3.6',
1 verbose cli   '@types/json-schema@ts3.6',
1 verbose cli   '@types/json-stringify-safe@ts3.6',
1 verbose cli   '@types/jsprim@ts3.6',
1 verbose cli   '@types/media-typer@ts3.6',
1 verbose cli   '@types/methods@ts3.6',
1 verbose cli   '@types/mime@ts3.6',
1 verbose cli   '@types/mime-db@ts3.6',
1 verbose cli   '@types/mime-types@ts3.6',
1 verbose cli   '@types/minimist@ts3.6',
1 verbose cli   '@types/minizlib@ts3.6',
1 verbose cli   '@types/ms@ts3.6',
1 verbose cli   '@types/needle@ts3.6',
1 verbose cli   '@types/negotiator@ts3.6',
1 verbose cli   '@types/nopt@ts3.6',
1 verbose cli   '@types/normalize-path@ts3.6',
1 verbose cli   '@types/npm-packlist@ts3.6',
1 verbose cli   '@types/npmlog@ts3.6',
1 verbose cli   '@types/number-is-nan@ts3.6',
1 verbose cli   '@types/object-assign@ts3.6',
1 verbose cli   '@types/on-finished@ts3.6',
1 verbose cli   '@types/once@ts3.6',
1 verbose cli   '@types/os-homedir@ts3.6',
1 verbose cli   '@types/os-tmpdir@ts3.6',
1 verbose cli   '@types/osenv@ts3.6',
1 verbose cli   '@types/parseurl@ts3.6',
1 verbose cli   '@types/path-is-absolute@ts3.6',
1 verbose cli   '@types/picomatch@ts3.6',
1 verbose cli   '@types/proxy-addr@ts3.6',
1 verbose cli   '@types/psl@ts3.6',
1 verbose cli   '@types/pump@ts3.6',
1 verbose cli   ... 36 more items
1 verbose cli ]
2 info using npm@6.14.6
3 info using node@v12.18.3
4 verbose npm-session 1d0e20ff82d5a23b
5 silly install loadCurrentTree
6 silly install readLocalPackageData
7 http fetch GET 200 https://registry.npmjs.org/@types%2fasn1 71ms (from cache)
8 http fetch GET 200 https://registry.npmjs.org/@types%2fare-we-there-yet 72ms (from cache)
9 silly pacote tag manifest for @types/asn1@ts3.6 fetched in 75ms
10 silly pacote tag manifest for @types/are-we-there-yet@ts3.6 fetched in 75ms
11 http fetch GET 200 https://registry.npmjs.org/@types%2fbytes 9ms (from cache)
12 silly pacote tag manifest for @types/bytes@ts3.6 fetched in 11ms
13 http fetch GET 200 https://registry.npmjs.org/@types%2fansi-align 276ms
14 silly fetchPackageMetaData error for @types/ansi-align@ts3.6 No matching version found for @types/ansi-align@ts3.6.
15 http fetch GET 304 https://registry.npmjs.org/@types%2faws4 276ms (from cache)
16 silly pacote tag manifest for @types/aws4@ts3.6 fetched in 284ms
17 http fetch GET 304 https://registry.npmjs.org/@types%2fbraces 282ms (from cache)
18 http fetch GET 304 https://registry.npmjs.org/@types%2fbalanced-match 286ms (from cache)
19 http fetch GET 304 https://registry.npmjs.org/@types%2faccepts 294ms (from cache)
20 silly pacote tag manifest for @types/braces@ts3.6 fetched in 286ms
21 http fetch GET 304 https://registry.npmjs.org/@types%2fbrace-expansion 288ms (from cache)
22 silly pacote tag manifest for @types/balanced-match@ts3.6 fetched in 292ms
23 silly pacote tag manifest for @types/accepts@ts3.6 fetched in 300ms
24 silly pacote tag manifest for @types/brace-expansion@ts3.6 fetched in 293ms
25 http fetch GET 304 https://registry.npmjs.org/@types%2fcaseless 234ms (from cache)
26 http fetch GET 200 https://registry.npmjs.org/@types%2fconfigstore 14ms (from cache)
27 http fetch GET 304 https://registry.npmjs.org/@types%2fabbrev 317ms (from cache)
28 silly pacote tag manifest for @types/caseless@ts3.6 fetched in 237ms
29 silly pacote tag manifest for @types/configstore@ts3.6 fetched in 17ms
30 silly pacote tag manifest for @types/abbrev@ts3.6 fetched in 324ms
31 http fetch GET 304 https://registry.npmjs.org/@types%2fchownr 237ms (from cache)
32 silly pacote tag manifest for @types/chownr@ts3.6 fetched in 238ms
33 http fetch GET 304 https://registry.npmjs.org/@types%2fcolor-convert 89ms (from cache)
34 silly pacote tag manifest for @types/color-convert@ts3.6 fetched in 91ms
35 http fetch GET 200 https://registry.npmjs.org/@types%2fdashdash 5ms (from cache)
36 silly pacote tag manifest for @types/dashdash@ts3.6 fetched in 6ms
37 http fetch GET 304 https://registry.npmjs.org/@types%2fcombined-stream 86ms (from cache)
38 http fetch GET 200 https://registry.npmjs.org/@types%2fdebug 5ms (from cache)
39 silly pacote tag manifest for @types/combined-stream@ts3.6 fetched in 89ms
40 silly pacote tag manifest for @types/debug@ts3.6 fetched in 9ms
41 http fetch GET 304 https://registry.npmjs.org/@types%2fcontent-disposition 93ms (from cache)
42 http fetch GET 304 https://registry.npmjs.org/@types%2fcolor-name 109ms (from cache)
43 silly pacote tag manifest for @types/content-disposition@ts3.6 fetched in 94ms
44 silly pacote tag manifest for @types/color-name@ts3.6 fetched in 113ms
45 http fetch GET 200 https://registry.npmjs.org/@types%2fdestroy 11ms (from cache)
46 silly pacote tag manifest for @types/destroy@ts3.6 fetched in 13ms
47 http fetch GET 304 https://registry.npmjs.org/@types%2fcontent-type 105ms (from cache)
48 http fetch GET 304 https://registry.npmjs.org/@types%2fconcat-map 124ms (from cache)
49 silly pacote tag manifest for @types/content-type@ts3.6 fetched in 107ms
50 silly pacote tag manifest for @types/concat-map@ts3.6 fetched in 126ms
51 http fetch GET 304 https://registry.npmjs.org/@types%2fcookie 108ms (from cache)
52 silly pacote tag manifest for @types/cookie@ts3.6 fetched in 110ms
53 http fetch GET 200 https://registry.npmjs.org/@types%2fduplexer3 6ms (from cache)
54 silly pacote tag manifest for @types/duplexer3@ts3.6 fetched in 8ms
55 http fetch GET 304 https://registry.npmjs.org/@types%2fdelegates 88ms (from cache)
56 silly registry:manifest no matching version for @types/delegates@ts3.6 in the cache. Forcing revalidation.
57 http fetch GET 304 https://registry.npmjs.org/@types%2fee-first 99ms (from cache)
58 http fetch GET 304 https://registry.npmjs.org/@types%2fdepd 127ms (from cache)
59 silly pacote tag manifest for @types/ee-first@ts3.6 fetched in 103ms
60 silly pacote tag manifest for @types/depd@ts3.6 fetched in 130ms
61 http fetch GET 304 https://registry.npmjs.org/@types%2fencodeurl 110ms (from cache)
62 http fetch GET 304 https://registry.npmjs.org/@types%2fdetect-libc 122ms (from cache)
63 http fetch GET 304 https://registry.npmjs.org/@types%2fend-of-stream 107ms (from cache)
64 http fetch GET 200 https://registry.npmjs.org/@types%2fetag 10ms (from cache)
65 silly pacote tag manifest for @types/encodeurl@ts3.6 fetched in 113ms
66 silly pacote tag manifest for @types/detect-libc@ts3.6 fetched in 125ms
67 silly pacote tag manifest for @types/end-of-stream@ts3.6 fetched in 111ms
68 silly pacote tag manifest for @types/etag@ts3.6 fetched in 13ms
69 http fetch GET 200 https://registry.npmjs.org/@types%2fextsprintf 10ms (from cache)
70 silly pacote tag manifest for @types/extsprintf@ts3.6 fetched in 11ms
71 http fetch GET 200 https://registry.npmjs.org/@types%2ffill-range 74ms
72 silly fetchPackageMetaData error for @types/fill-range@ts3.6 No matching version found for @types/fill-range@ts3.6.
73 http fetch GET 304 https://registry.npmjs.org/@types%2fescape-html 98ms (from cache)
74 silly pacote tag manifest for @types/escape-html@ts3.6 fetched in 99ms
75 http fetch GET 304 https://registry.npmjs.org/@types%2fextend 88ms (from cache)
76 silly pacote tag manifest for @types/extend@ts3.6 fetched in 95ms
77 http fetch GET 304 https://registry.npmjs.org/@types%2fforever-agent 93ms (from cache)
78 silly pacote tag manifest for @types/forever-agent@ts3.6 fetched in 95ms
79 http fetch GET 304 https://registry.npmjs.org/@types%2ffinalhandler 118ms (from cache)
80 silly pacote tag manifest for @types/finalhandler@ts3.6 fetched in 120ms
81 http fetch GET 200 https://registry.npmjs.org/@types%2fgetpass 2ms (from cache)
82 silly pacote tag manifest for @types/getpass@ts3.6 fetched in 4ms
83 http fetch GET 304 https://registry.npmjs.org/@types%2fforwarded 98ms (from cache)
84 silly pacote tag manifest for @types/forwarded@ts3.6 fetched in 100ms
85 http fetch GET 200 https://registry.npmjs.org/@types%2fgraceful-fs 6ms (from cache)
86 silly pacote tag manifest for @types/graceful-fs@ts3.6 fetched in 10ms
87 http fetch GET 304 https://registry.npmjs.org/@types%2ffs-minipass 96ms (from cache)
88 silly registry:manifest no matching version for @types/fs-minipass@ts3.6 in the cache. Forcing revalidation.
89 http fetch GET 304 https://registry.npmjs.org/@types%2fgauge 97ms (from cache)
90 silly registry:manifest no matching version for @types/gauge@ts3.6 in the cache. Forcing revalidation.
91 http fetch GET 304 https://registry.npmjs.org/@types%2fglob-parent 85ms (from cache)
92 silly pacote tag manifest for @types/glob-parent@ts3.6 fetched in 86ms
93 http fetch GET 200 https://registry.npmjs.org/@types%2ffs-minipass 106ms
94 silly fetchPackageMetaData error for @types/fs-minipass@ts3.6 No matching version found for @types/fs-minipass@ts3.6.
95 http fetch GET 304 https://registry.npmjs.org/@types%2fhttp-errors 89ms (from cache)
96 silly pacote tag manifest for @types/http-errors@ts3.6 fetched in 91ms
97 http fetch GET 200 https://registry.npmjs.org/@types%2fhttp-signature 74ms
98 silly fetchPackageMetaData error for @types/http-signature@ts3.6 No matching version found for @types/http-signature@ts3.6.
99 http fetch GET 304 https://registry.npmjs.org/@types%2fignore-walk 81ms (from cache)
100 silly pacote tag manifest for @types/ignore-walk@ts3.6 fetched in 85ms
101 http fetch GET 200 https://registry.npmjs.org/@types%2fimurmurhash 5ms (from cache)
102 silly pacote tag manifest for @types/imurmurhash@ts3.6 fetched in 7ms
103 http fetch GET 200 https://registry.npmjs.org/@types%2finflight 5ms (from cache)
104 silly registry:manifest no matching version for @types/inflight@ts3.6 in the cache. Forcing revalidation.
105 http fetch GET 304 https://registry.npmjs.org/@types%2fdeep-extend 660ms (from cache)
106 silly pacote tag manifest for @types/deep-extend@ts3.6 fetched in 664ms
107 http fetch GET 200 https://registry.npmjs.org/@types%2finherits 3ms (from cache)
108 silly pacote tag manifest for @types/inherits@ts3.6 fetched in 5ms
109 http fetch GET 200 https://registry.npmjs.org/@types%2finflight 120ms
110 silly fetchPackageMetaData error for @types/inflight@ts3.6 No matching version found for @types/inflight@ts3.6.
111 http fetch GET 304 https://registry.npmjs.org/@types%2fini 87ms (from cache)
112 silly pacote tag manifest for @types/ini@ts3.6 fetched in 89ms
113 http fetch GET 304 https://registry.npmjs.org/@types%2fis-glob 81ms (from cache)
114 silly pacote tag manifest for @types/is-glob@ts3.6 fetched in 83ms
115 http fetch GET 200 https://registry.npmjs.org/@types%2fis-number 5ms (from cache)
116 silly pacote tag manifest for @types/is-number@ts3.6 fetched in 7ms
117 http fetch GET 304 https://registry.npmjs.org/@types%2fis-typedarray 96ms (from cache)
118 silly pacote tag manifest for @types/is-typedarray@ts3.6 fetched in 98ms
119 http fetch GET 304 https://registry.npmjs.org/@types%2fisarray 77ms (from cache)
120 silly pacote tag manifest for @types/isarray@ts3.6 fetched in 78ms
121 http fetch GET 200 https://registry.npmjs.org/@types%2fcore-util-is 1136ms
122 silly fetchPackageMetaData error for @types/core-util-is@ts3.6 No matching version found for @types/core-util-is@ts3.6.
123 http fetch GET 200 https://registry.npmjs.org/@types%2fisstream 3ms (from cache)
124 silly pacote tag manifest for @types/isstream@ts3.6 fetched in 4ms
125 http fetch GET 304 https://registry.npmjs.org/@types%2fassert-plus 1702ms (from cache)
126 silly pacote tag manifest for @types/assert-plus@ts3.6 fetched in 1704ms
127 http fetch GET 200 https://registry.npmjs.org/@types%2fjson-buffer 4ms (from cache)
128 silly pacote tag manifest for @types/json-buffer@ts3.6 fetched in 6ms
129 http fetch GET 304 https://registry.npmjs.org/@types%2fcookie-signature 1444ms (from cache)
130 silly pacote tag manifest for @types/cookie-signature@ts3.6 fetched in 1447ms
131 http fetch GET 304 https://registry.npmjs.org/@types%2fjson-schema 82ms (from cache)
132 silly pacote tag manifest for @types/json-schema@ts3.6 fetched in 83ms
133 http fetch GET 304 https://registry.npmjs.org/@types%2fjson-stringify-safe 112ms (from cache)
134 silly pacote tag manifest for @types/json-stringify-safe@ts3.6 fetched in 113ms
135 http fetch GET 200 https://registry.npmjs.org/@types%2fjsprim 82ms
136 silly fetchPackageMetaData error for @types/jsprim@ts3.6 No matching version found for @types/jsprim@ts3.6.
137 http fetch GET 304 https://registry.npmjs.org/@types%2fmethods 89ms (from cache)
138 silly pacote tag manifest for @types/methods@ts3.6 fetched in 91ms
139 http fetch GET 304 https://registry.npmjs.org/@types%2fmedia-typer 96ms (from cache)
140 silly pacote tag manifest for @types/media-typer@ts3.6 fetched in 103ms
141 http fetch GET 304 https://registry.npmjs.org/@types%2fmime 82ms (from cache)
142 http fetch GET 304 https://registry.npmjs.org/@types%2fmime-db 81ms (from cache)
143 silly pacote tag manifest for @types/mime-db@ts3.6 fetched in 82ms
144 silly pacote tag manifest for @types/mime@ts3.6 fetched in 93ms
145 http fetch GET 304 https://registry.npmjs.org/@types%2fmime-types 89ms (from cache)
146 http fetch GET 304 https://registry.npmjs.org/@types%2fminimist 87ms (from cache)
147 silly pacote tag manifest for @types/mime-types@ts3.6 fetched in 91ms
148 silly pacote tag manifest for @types/minimist@ts3.6 fetched in 89ms
149 http fetch GET 304 https://registry.npmjs.org/@types%2fms 82ms (from cache)
150 silly pacote tag manifest for @types/ms@ts3.6 fetched in 84ms
151 http fetch GET 200 https://registry.npmjs.org/@types%2fneedle 3ms (from cache)
152 http fetch GET 304 https://registry.npmjs.org/@types%2fminizlib 92ms (from cache)
153 silly pacote tag manifest for @types/needle@ts3.6 fetched in 7ms
154 silly pacote tag manifest for @types/minizlib@ts3.6 fetched in 96ms
155 http fetch GET 200 https://registry.npmjs.org/@types%2fignore-by-default 1422ms
156 silly fetchPackageMetaData error for @types/ignore-by-default@ts3.6 No matching version found for @types/ignore-by-default@ts3.6.
157 http fetch GET 200 https://registry.npmjs.org/@types%2fnormalize-path 2ms (from cache)
158 silly pacote tag manifest for @types/normalize-path@ts3.6 fetched in 4ms
159 http fetch GET 200 https://registry.npmjs.org/@types%2fnpm-packlist 3ms (from cache)
160 silly pacote tag manifest for @types/npm-packlist@ts3.6 fetched in 5ms
161 http fetch GET 304 https://registry.npmjs.org/@types%2fnegotiator 93ms (from cache)
162 http fetch GET 304 https://registry.npmjs.org/@types%2fnopt 91ms (from cache)
163 silly pacote tag manifest for @types/negotiator@ts3.6 fetched in 94ms
164 silly pacote tag manifest for @types/nopt@ts3.6 fetched in 93ms
165 http fetch GET 304 https://registry.npmjs.org/@types%2fnpmlog 92ms (from cache)
166 silly pacote tag manifest for @types/npmlog@ts3.6 fetched in 93ms
167 http fetch GET 304 https://registry.npmjs.org/@types%2fnumber-is-nan 85ms (from cache)
168 silly pacote tag manifest for @types/number-is-nan@ts3.6 fetched in 86ms
169 http fetch GET 304 https://registry.npmjs.org/@types%2fobject-assign 87ms (from cache)
170 silly pacote tag manifest for @types/object-assign@ts3.6 fetched in 89ms
171 http fetch GET 200 https://registry.npmjs.org/@types%2fos-homedir 2ms (from cache)
172 silly pacote tag manifest for @types/os-homedir@ts3.6 fetched in 4ms
173 http fetch GET 304 https://registry.npmjs.org/@types%2fos-tmpdir 96ms (from cache)
174 silly pacote tag manifest for @types/os-tmpdir@ts3.6 fetched in 98ms
175 http fetch GET 304 https://registry.npmjs.org/@types%2fonce 115ms (from cache)
176 silly pacote tag manifest for @types/once@ts3.6 fetched in 116ms
177 http fetch GET 304 https://registry.npmjs.org/@types%2fparseurl 84ms (from cache)
178 silly pacote tag manifest for @types/parseurl@ts3.6 fetched in 86ms
179 http fetch GET 200 https://registry.npmjs.org/@types%2fdelegates 2167ms
180 silly fetchPackageMetaData error for @types/delegates@ts3.6 No matching version found for @types/delegates@ts3.6.
181 http fetch GET 304 https://registry.npmjs.org/@types%2fis-ci 1528ms (from cache)
182 silly pacote tag manifest for @types/is-ci@ts3.6 fetched in 1529ms
183 http fetch GET 304 https://registry.npmjs.org/@types%2fpath-is-absolute 79ms (from cache)
184 silly pacote tag manifest for @types/path-is-absolute@ts3.6 fetched in 81ms
185 http fetch GET 304 https://registry.npmjs.org/@types%2ffresh 2148ms (from cache)
186 silly pacote tag manifest for @types/fresh@ts3.6 fetched in 2151ms
187 http fetch GET 304 https://registry.npmjs.org/@types%2fpsl 79ms (from cache)
188 silly pacote tag manifest for @types/psl@ts3.6 fetched in 82ms
189 http fetch GET 304 https://registry.npmjs.org/@types%2fpunycode 111ms (from cache)
190 silly pacote tag manifest for @types/punycode@ts3.6 fetched in 113ms
191 http fetch GET 304 https://registry.npmjs.org/@types%2fpump 136ms (from cache)
192 silly pacote tag manifest for @types/pump@ts3.6 fetched in 143ms
193 http fetch GET 304 https://registry.npmjs.org/@types%2fjsbn 1483ms (from cache)
194 silly pacote tag manifest for @types/jsbn@ts3.6 fetched in 1485ms
195 http fetch GET 200 https://registry.npmjs.org/@types%2frc 4ms (from cache)
196 silly pacote tag manifest for @types/rc@ts3.6 fetched in 6ms
197 http fetch GET 304 https://registry.npmjs.org/@types%2fhttp-cache-semantics 2245ms (from cache)
198 silly pacote tag manifest for @types/http-cache-semantics@ts3.6 fetched in 2246ms
199 http fetch GET 304 https://registry.npmjs.org/@types%2fqs 95ms (from cache)
200 http fetch GET 304 https://registry.npmjs.org/@types%2frange-parser 89ms (from cache)
201 silly pacote tag manifest for @types/qs@ts3.6 fetched in 98ms
202 silly pacote tag manifest for @types/range-parser@ts3.6 fetched in 93ms
203 http fetch GET 200 https://registry.npmjs.org/@types%2frequest 9ms (from cache)
204 silly pacote tag manifest for @types/request@ts3.6 fetched in 12ms
205 http fetch GET 200 https://registry.npmjs.org/@types%2fgauge 2293ms
206 silly fetchPackageMetaData error for @types/gauge@ts3.6 No matching version found for @types/gauge@ts3.6.
207 http fetch GET 304 https://registry.npmjs.org/@types%2freadable-stream 86ms (from cache)
208 silly pacote tag manifest for @types/readable-stream@ts3.6 fetched in 87ms
209 http fetch GET 304 https://registry.npmjs.org/@types%2fresponselike 90ms (from cache)
210 silly pacote tag manifest for @types/responselike@ts3.6 fetched in 93ms
211 http fetch GET 304 https://registry.npmjs.org/@types%2fsafer-buffer 96ms (from cache)
212 http fetch GET 304 https://registry.npmjs.org/@types%2fsax 85ms (from cache)
213 silly pacote tag manifest for @types/safer-buffer@ts3.6 fetched in 100ms
214 silly pacote tag manifest for @types/sax@ts3.6 fetched in 88ms
215 http fetch GET 304 https://registry.npmjs.org/@types%2fsemver 88ms (from cache)
216 silly pacote tag manifest for @types/semver@ts3.6 fetched in 90ms
217 http fetch GET 304 https://registry.npmjs.org/@types%2fsend 112ms (from cache)
218 http fetch GET 304 https://registry.npmjs.org/@types%2fsignal-exit 96ms (from cache)
219 silly pacote tag manifest for @types/send@ts3.6 fetched in 115ms
220 silly pacote tag manifest for @types/signal-exit@ts3.6 fetched in 100ms
221 http fetch GET 200 https://registry.npmjs.org/@types%2fstatuses 5ms (from cache)
222 silly pacote tag manifest for @types/statuses@ts3.6 fetched in 8ms
223 http fetch GET 304 https://registry.npmjs.org/@types%2fsupports-color 79ms (from cache)
224 silly pacote tag manifest for @types/supports-color@ts3.6 fetched in 82ms
225 http fetch GET 304 https://registry.npmjs.org/@types%2ftar 93ms (from cache)
226 silly pacote tag manifest for @types/tar@ts3.6 fetched in 94ms
227 http fetch GET 200 https://registry.npmjs.org/@types%2fto-regex-range 97ms
228 silly fetchPackageMetaData error for @types/to-regex-range@ts3.6 No matching version found for @types/to-regex-range@ts3.6.
229 http fetch GET 304 https://registry.npmjs.org/@types%2ftoidentifier 86ms (from cache)
230 silly registry:manifest no matching version for @types/toidentifier@ts3.6 in the cache. Forcing revalidation.
231 http fetch GET 304 https://registry.npmjs.org/@types%2ftouch 84ms (from cache)
232 silly pacote tag manifest for @types/touch@ts3.6 fetched in 86ms
233 http fetch GET 200 https://registry.npmjs.org/@types%2ftoidentifier 92ms
234 silly fetchPackageMetaData error for @types/toidentifier@ts3.6 No matching version found for @types/toidentifier@ts3.6.
235 http fetch GET 304 https://registry.npmjs.org/@types%2fisexe 2098ms (from cache)
236 silly pacote tag manifest for @types/isexe@ts3.6 fetched in 2100ms
237 http fetch GET 304 https://registry.npmjs.org/@types%2ftough-cookie 80ms (from cache)
238 silly pacote tag manifest for @types/tough-cookie@ts3.6 fetched in 91ms
239 http fetch GET 200 https://registry.npmjs.org/@types%2ftypedarray-to-buffer 79ms
240 silly fetchPackageMetaData error for @types/typedarray-to-buffer@ts3.6 No matching version found for @types/typedarray-to-buffer@ts3.6.
241 http fetch GET 304 https://registry.npmjs.org/@types%2ftype-is 88ms (from cache)
242 silly pacote tag manifest for @types/type-is@ts3.6 fetched in 90ms
243 http fetch GET 200 https://registry.npmjs.org/@types%2furl-parse-lax 100ms
244 silly fetchPackageMetaData error for @types/url-parse-lax@ts3.6 No matching version found for @types/url-parse-lax@ts3.6.
245 http fetch GET 304 https://registry.npmjs.org/@types%2futil-deprecate 114ms (from cache)
246 silly pacote tag manifest for @types/util-deprecate@ts3.6 fetched in 116ms
247 http fetch GET 304 https://registry.npmjs.org/@types%2fset-blocking 600ms (from cache)
248 silly registry:manifest no matching version for @types/set-blocking@ts3.6 in the cache. Forcing revalidation.
249 http fetch GET 304 https://registry.npmjs.org/@types%2futils-merge 96ms (from cache)
250 http fetch GET 304 https://registry.npmjs.org/@types%2fon-finished 1426ms (from cache)
251 silly pacote tag manifest for @types/utils-merge@ts3.6 fetched in 99ms
252 silly pacote tag manifest for @types/on-finished@ts3.6 fetched in 1429ms
253 http fetch GET 200 https://registry.npmjs.org/@types%2fset-blocking 84ms
254 silly fetchPackageMetaData error for @types/set-blocking@ts3.6 No matching version found for @types/set-blocking@ts3.6.
255 http fetch GET 304 https://registry.npmjs.org/@types%2fuuid 104ms (from cache)
256 silly pacote tag manifest for @types/uuid@ts3.6 fetched in 105ms
257 http fetch GET 304 https://registry.npmjs.org/@types%2fverror 79ms (from cache)
258 silly pacote tag manifest for @types/verror@ts3.6 fetched in 87ms
259 http fetch GET 304 https://registry.npmjs.org/@types%2fwhich 91ms (from cache)
260 silly pacote tag manifest for @types/which@ts3.6 fetched in 92ms
261 http fetch GET 304 https://registry.npmjs.org/@types%2fvary 104ms (from cache)
262 silly pacote tag manifest for @types/vary@ts3.6 fetched in 104ms
263 http fetch GET 304 https://registry.npmjs.org/@types%2fwrite-file-atomic 86ms (from cache)
264 silly pacote tag manifest for @types/write-file-atomic@ts3.6 fetched in 88ms
265 http fetch GET 304 https://registry.npmjs.org/@types%2fyallist 87ms (from cache)
266 silly pacote tag manifest for @types/yallist@ts3.6 fetched in 90ms
267 http fetch GET 304 https://registry.npmjs.org/@types%2fosenv 1497ms (from cache)
268 http fetch GET 304 https://registry.npmjs.org/@types%2fproxy-addr 1368ms (from cache)
269 silly pacote tag manifest for @types/osenv@ts3.6 fetched in 1501ms
270 silly pacote tag manifest for @types/proxy-addr@ts3.6 fetched in 1371ms
271 http fetch GET 304 https://registry.npmjs.org/@types%2fregistry-auth-token 1495ms (from cache)
272 silly pacote tag manifest for @types/registry-auth-token@ts3.6 fetched in 1498ms
273 http fetch GET 304 https://registry.npmjs.org/@types%2fsshpk 1407ms (from cache)
274 silly pacote tag manifest for @types/sshpk@ts3.6 fetched in 1409ms
275 http fetch GET 304 https://registry.npmjs.org/@types%2fpicomatch 2237ms (from cache)
276 silly pacote tag manifest for @types/picomatch@ts3.6 fetched in 2239ms
277 http fetch GET 304 https://registry.npmjs.org/@types%2fupdate-notifier 1416ms (from cache)
278 silly pacote tag manifest for @types/update-notifier@ts3.6 fetched in 1419ms
279 timing stage:rollbackFailedOptional Completed in 1ms
280 timing stage:runTopLevelLifecycles Completed in 5055ms
281 verbose type tag
282 verbose stack @types/ansi-align: No matching version found for @types/ansi-align@ts3.6.
282 verbose stack     at pickManifest (/usr/local/lib/node_modules/npm/node_modules/npm-pick-manifest/index.js:122:13)
282 verbose stack     at /usr/local/lib/node_modules/npm/node_modules/pacote/lib/fetchers/registry/manifest.js:24:14
282 verbose stack     at tryCatcher (/usr/local/lib/node_modules/npm/node_modules/bluebird/js/release/util.js:16:23)
282 verbose stack     at Promise._settlePromiseFromHandler (/usr/local/lib/node_modules/npm/node_modules/bluebird/js/release/promise.js:517:31)
282 verbose stack     at Promise._settlePromise (/usr/local/lib/node_modules/npm/node_modules/bluebird/js/release/promise.js:574:18)
282 verbose stack     at Promise._settlePromise0 (/usr/local/lib/node_modules/npm/node_modules/bluebird/js/release/promise.js:619:10)
282 verbose stack     at Promise._settlePromises (/usr/local/lib/node_modules/npm/node_modules/bluebird/js/release/promise.js:699:18)
282 verbose stack     at _drainQueueStep (/usr/local/lib/node_modules/npm/node_modules/bluebird/js/release/async.js:138:12)
282 verbose stack     at _drainQueue (/usr/local/lib/node_modules/npm/node_modules/bluebird/js/release/async.js:131:9)
282 verbose stack     at Async._drainQueues (/usr/local/lib/node_modules/npm/node_modules/bluebird/js/release/async.js:147:5)
282 verbose stack     at Immediate.Async.drainQueues [as _onImmediate] (/usr/local/lib/node_modules/npm/node_modules/bluebird/js/release/async.js:17:14)
282 verbose stack     at processImmediate (internal/timers.js:456:21)
283 verbose cwd /home/theia/.cache/typescript/3.6
284 verbose Linux 5.10.16.3-microsoft-standard-WSL2
285 verbose argv "/usr/local/bin/node" "/usr/local/bin/npm" "install" "--ignore-scripts" "@types/abbrev@ts3.6" "@types/accepts@ts3.6" "@types/ansi-align@ts3.6" "@types/are-we-there-yet@ts3.6" "@types/asn1@ts3.6" "@types/assert-plus@ts3.6" "@types/aws4@ts3.6" "@types/balanced-match@ts3.6" "@types/brace-expansion@ts3.6" "@types/braces@ts3.6" "@types/bytes@ts3.6" "@types/caseless@ts3.6" "@types/chownr@ts3.6" "@types/color-convert@ts3.6" "@types/color-name@ts3.6" "@types/combined-stream@ts3.6" "@types/concat-map@ts3.6" "@types/configstore@ts3.6" "@types/content-disposition@ts3.6" "@types/content-type@ts3.6" "@types/cookie@ts3.6" "@types/cookie-signature@ts3.6" "@types/core-util-is@ts3.6" "@types/dashdash@ts3.6" "@types/debug@ts3.6" "@types/deep-extend@ts3.6" "@types/delegates@ts3.6" "@types/depd@ts3.6" "@types/destroy@ts3.6" "@types/detect-libc@ts3.6" "@types/duplexer3@ts3.6" "@types/ee-first@ts3.6" "@types/encodeurl@ts3.6" "@types/end-of-stream@ts3.6" "@types/escape-html@ts3.6" "@types/etag@ts3.6" "@types/extend@ts3.6" "@types/extsprintf@ts3.6" "@types/fill-range@ts3.6" "@types/finalhandler@ts3.6" "@types/forever-agent@ts3.6" "@types/forwarded@ts3.6" "@types/fresh@ts3.6" "@types/fs-minipass@ts3.6" "@types/gauge@ts3.6" "@types/getpass@ts3.6" "@types/glob-parent@ts3.6" "@types/graceful-fs@ts3.6" "@types/http-cache-semantics@ts3.6" "@types/http-errors@ts3.6" "@types/http-signature@ts3.6" "@types/ignore-by-default@ts3.6" "@types/ignore-walk@ts3.6" "@types/imurmurhash@ts3.6" "@types/inflight@ts3.6" "@types/inherits@ts3.6" "@types/ini@ts3.6" "@types/is-ci@ts3.6" "@types/is-glob@ts3.6" "@types/is-number@ts3.6" "@types/is-typedarray@ts3.6" "@types/isarray@ts3.6" "@types/isexe@ts3.6" "@types/isstream@ts3.6" "@types/jsbn@ts3.6" "@types/json-buffer@ts3.6" "@types/json-schema@ts3.6" "@types/json-stringify-safe@ts3.6" "@types/jsprim@ts3.6" "@types/media-typer@ts3.6" "@types/methods@ts3.6" "@types/mime@ts3.6" "@types/mime-db@ts3.6" "@types/mime-types@ts3.6" "@types/minimist@ts3.6" "@types/minizlib@ts3.6" "@types/ms@ts3.6" "@types/needle@ts3.6" "@types/negotiator@ts3.6" "@types/nopt@ts3.6" "@types/normalize-path@ts3.6" "@types/npm-packlist@ts3.6" "@types/npmlog@ts3.6" "@types/number-is-nan@ts3.6" "@types/object-assign@ts3.6" "@types/on-finished@ts3.6" "@types/once@ts3.6" "@types/os-homedir@ts3.6" "@types/os-tmpdir@ts3.6" "@types/osenv@ts3.6" "@types/parseurl@ts3.6" "@types/path-is-absolute@ts3.6" "@types/picomatch@ts3.6" "@types/proxy-addr@ts3.6" "@types/psl@ts3.6" "@types/pump@ts3.6" "@types/punycode@ts3.6" "@types/qs@ts3.6" "@types/range-parser@ts3.6" "@types/rc@ts3.6" "@types/readable-stream@ts3.6" "@types/registry-auth-token@ts3.6" "@types/request@ts3.6" "@types/responselike@ts3.6" "@types/safer-buffer@ts3.6" "@types/sax@ts3.6" "@types/semver@ts3.6" "@types/send@ts3.6" "@types/set-blocking@ts3.6" "@types/signal-exit@ts3.6" "@types/sshpk@ts3.6" "@types/statuses@ts3.6" "@types/supports-color@ts3.6" "@types/tar@ts3.6" "@types/to-regex-range@ts3.6" "@types/toidentifier@ts3.6" "@types/touch@ts3.6" "@types/tough-cookie@ts3.6" "@types/type-is@ts3.6" "@types/typedarray-to-buffer@ts3.6" "@types/update-notifier@ts3.6" "@types/url-parse-lax@ts3.6" "@types/util-deprecate@ts3.6" "@types/utils-merge@ts3.6" "@types/uuid@ts3.6" "@types/vary@ts3.6" "@types/verror@ts3.6" "@types/which@ts3.6" "@types/write-file-atomic@ts3.6" "@types/yallist@ts3.6" "--save-dev" "--user-agent=typesInstaller/3.6.3"
286 verbose node v12.18.3
287 verbose npm  v6.14.6
288 error code ETARGET
289 error notarget No matching version found for @types/ansi-align@ts3.6.
290 error notarget In most cases you or one of your dependencies are requesting
290 error notarget a package version that doesn't exist.
291 verbose exit [ 1, true ]
