0 info it worked if it ends with ok
1 verbose cli [
1 verbose cli   '/usr/local/bin/node',
1 verbose cli   '/usr/local/bin/npm',
1 verbose cli   'install',
1 verbose cli   '--ignore-scripts',
1 verbose cli   '@types/abbrev@ts3.6',
1 verbose cli   '@types/accepts@ts3.6',
1 verbose cli   '@types/are-we-there-yet@ts3.6',
1 verbose cli   '@types/balanced-match@ts3.6',
1 verbose cli   '@types/brace-expansion@ts3.6',
1 verbose cli   '@types/bytes@ts3.6',
1 verbose cli   '@types/cacache@ts3.6',
1 verbose cli   '@types/call-bind@ts3.6',
1 verbose cli   '@types/chownr@ts3.6',
1 verbose cli   '@types/color-support@ts3.6',
1 verbose cli   '@types/concat-map@ts3.6',
1 verbose cli   '@types/content-disposition@ts3.6',
1 verbose cli   '@types/content-type@ts3.6',
1 verbose cli   '@types/cookie@ts3.6',
1 verbose cli   '@types/cookie-signature@ts3.6',
1 verbose cli   '@types/debug@ts3.6',
1 verbose cli   '@types/delegates@ts3.6',
1 verbose cli   '@types/depd@ts3.6',
1 verbose cli   '@types/destroy@ts3.6',
1 verbose cli   '@types/detect-libc@ts3.6',
1 verbose cli   '@types/ee-first@ts3.6',
1 verbose cli   '@types/encodeurl@ts3.6',
1 verbose cli   '@types/escape-html@ts3.6',
1 verbose cli   '@types/etag@ts3.6',
1 verbose cli   '@types/finalhandler@ts3.6',
1 verbose cli   '@types/forwarded@ts3.6',
1 verbose cli   '@types/fresh@ts3.6',
1 verbose cli   '@types/fs-minipass@ts3.6',
1 verbose cli   '@types/function-bind@ts3.6',
1 verbose cli   '@types/gauge@ts3.6',
1 verbose cli   '@types/get-intrinsic@ts3.6',
1 verbose cli   '@types/gopd@ts3.6',
1 verbose cli   '@types/graceful-fs@ts3.6',
1 verbose cli   '@types/has-property-descriptors@ts3.6',
1 verbose cli   '@types/has-symbols@ts3.6',
1 verbose cli   '@types/http-cache-semantics@ts3.6',
1 verbose cli   '@types/http-errors@ts3.6',
1 verbose cli   '@types/humanize-ms@ts3.6',
1 verbose cli   '@types/imurmurhash@ts3.6',
1 verbose cli   '@types/inflight@ts3.6',
1 verbose cli   '@types/inherits@ts3.6',
1 verbose cli   '@types/ip@ts3.6',
1 verbose cli   '@types/is-lambda@ts3.6',
1 verbose cli   '@types/isexe@ts3.6',
1 verbose cli   '@types/make-fetch-happen@ts3.6',
1 verbose cli   '@types/media-typer@ts3.6',
1 verbose cli   '@types/methods@ts3.6',
1 verbose cli   '@types/mime@ts3.6',
1 verbose cli   '@types/mime-db@ts3.6',
1 verbose cli   '@types/mime-types@ts3.6',
1 verbose cli   '@types/minizlib@ts3.6',
1 verbose cli   '@types/ms@ts3.6',
1 verbose cli   '@types/negotiator@ts3.6',
1 verbose cli   '@types/node-fetch@ts3.6',
1 verbose cli   '@types/nopt@ts3.6',
1 verbose cli   '@types/npmlog@ts3.6',
1 verbose cli   '@types/object-assign@ts3.6',
1 verbose cli   '@types/object-inspect@ts3.6',
1 verbose cli   '@types/on-finished@ts3.6',
1 verbose cli   '@types/once@ts3.6',
1 verbose cli   '@types/parseurl@ts3.6',
1 verbose cli   '@types/path-is-absolute@ts3.6',
1 verbose cli   '@types/promise-inflight@ts3.6',
1 verbose cli   '@types/promise-retry@ts3.6',
1 verbose cli   '@types/proxy-addr@ts3.6',
1 verbose cli   '@types/qs@ts3.6',
1 verbose cli   '@types/range-parser@ts3.6',
1 verbose cli   '@types/readable-stream@ts3.6',
1 verbose cli   '@types/retry@ts3.6',
1 verbose cli   '@types/safer-buffer@ts3.6',
1 verbose cli   '@types/semver@ts3.6',
1 verbose cli   '@types/send@ts3.6',
1 verbose cli   '@types/set-blocking@ts3.6',
1 verbose cli   '@types/signal-exit@ts3.6',
1 verbose cli   '@types/ssri@ts3.6',
1 verbose cli   '@types/statuses@ts3.6',
1 verbose cli   '@types/tar@ts3.6',
1 verbose cli   '@types/toidentifier@ts3.6',
1 verbose cli   '@types/tr46@ts3.6',
1 verbose cli   '@types/type-is@ts3.6',
1 verbose cli   '@types/util-deprecate@ts3.6',
1 verbose cli   '@types/utils-merge@ts3.6',
1 verbose cli   '@types/vary@ts3.6',
1 verbose cli   '@types/webidl-conversions@ts3.6',
1 verbose cli   '@types/whatwg-url@ts3.6',
1 verbose cli   '@types/which@ts3.6',
1 verbose cli   '@types/yallist@ts3.6',
1 verbose cli   '--save-dev',
1 verbose cli   '--user-agent=typesInstaller/3.6.3'
1 verbose cli ]
2 info using npm@6.14.6
3 info using node@v12.18.3
4 verbose npm-session 3cebfa2c5b8bff5a
5 silly install loadCurrentTree
6 silly install readLocalPackageData
7 http fetch GET 304 https://registry.npmjs.org/@types%2fare-we-there-yet 216ms (from cache)
8 silly pacote tag manifest for @types/are-we-there-yet@ts3.6 fetched in 219ms
9 http fetch GET 304 https://registry.npmjs.org/@types%2fcacache 219ms (from cache)
10 http fetch GET 304 https://registry.npmjs.org/@types%2fcall-bind 221ms (from cache)
11 silly registry:manifest no matching version for @types/call-bind@ts3.6 in the cache. Forcing revalidation.
12 silly pacote tag manifest for @types/cacache@ts3.6 fetched in 226ms
13 http fetch GET 304 https://registry.npmjs.org/@types%2fbalanced-match 244ms (from cache)
14 silly pacote tag manifest for @types/balanced-match@ts3.6 fetched in 249ms
15 http fetch GET 304 https://registry.npmjs.org/@types%2fbrace-expansion 249ms (from cache)
16 silly pacote tag manifest for @types/brace-expansion@ts3.6 fetched in 252ms
17 http fetch GET 304 https://registry.npmjs.org/@types%2fbytes 252ms (from cache)
18 http fetch GET 304 https://registry.npmjs.org/@types%2fabbrev 259ms (from cache)
19 silly pacote tag manifest for @types/bytes@ts3.6 fetched in 257ms
20 silly pacote tag manifest for @types/abbrev@ts3.6 fetched in 266ms
21 http fetch GET 304 https://registry.npmjs.org/@types%2faccepts 273ms (from cache)
22 http fetch GET 304 https://registry.npmjs.org/@types%2fcolor-support 265ms (from cache)
23 silly pacote tag manifest for @types/accepts@ts3.6 fetched in 275ms
24 silly pacote tag manifest for @types/color-support@ts3.6 fetched in 268ms
25 http fetch GET 304 https://registry.npmjs.org/@types%2fchownr 269ms (from cache)
26 silly pacote tag manifest for @types/chownr@ts3.6 fetched in 275ms
27 http fetch GET 304 https://registry.npmjs.org/@types%2fcontent-disposition 76ms (from cache)
28 silly pacote tag manifest for @types/content-disposition@ts3.6 fetched in 78ms
29 http fetch GET 304 https://registry.npmjs.org/@types%2fcookie 78ms (from cache)
30 silly pacote tag manifest for @types/cookie@ts3.6 fetched in 80ms
31 http fetch GET 304 https://registry.npmjs.org/@types%2fdebug 87ms (from cache)
32 silly pacote tag manifest for @types/debug@ts3.6 fetched in 88ms
33 http fetch GET 304 https://registry.npmjs.org/@types%2fdelegates 98ms (from cache)
34 silly registry:manifest no matching version for @types/delegates@ts3.6 in the cache. Forcing revalidation.
35 http fetch GET 304 https://registry.npmjs.org/@types%2fdestroy 91ms (from cache)
36 http fetch GET 304 https://registry.npmjs.org/@types%2fdetect-libc 65ms (from cache)
37 silly pacote tag manifest for @types/destroy@ts3.6 fetched in 93ms
38 silly pacote tag manifest for @types/detect-libc@ts3.6 fetched in 67ms
39 http fetch GET 304 https://registry.npmjs.org/@types%2fdepd 109ms (from cache)
40 silly pacote tag manifest for @types/depd@ts3.6 fetched in 110ms
41 http fetch GET 304 https://registry.npmjs.org/@types%2fee-first 73ms (from cache)
42 silly pacote tag manifest for @types/ee-first@ts3.6 fetched in 74ms
43 http fetch GET 304 https://registry.npmjs.org/@types%2fencodeurl 68ms (from cache)
44 silly pacote tag manifest for @types/encodeurl@ts3.6 fetched in 69ms
45 http fetch GET 304 https://registry.npmjs.org/@types%2ffinalhandler 88ms (from cache)
46 http fetch GET 304 https://registry.npmjs.org/@types%2fetag 97ms (from cache)
47 http fetch GET 304 https://registry.npmjs.org/@types%2fescape-html 99ms (from cache)
48 silly pacote tag manifest for @types/finalhandler@ts3.6 fetched in 91ms
49 silly pacote tag manifest for @types/etag@ts3.6 fetched in 99ms
50 silly pacote tag manifest for @types/escape-html@ts3.6 fetched in 102ms
51 http fetch GET 304 https://registry.npmjs.org/@types%2fcookie-signature 218ms (from cache)
52 silly pacote tag manifest for @types/cookie-signature@ts3.6 fetched in 225ms
53 http fetch GET 304 https://registry.npmjs.org/@types%2fforwarded 86ms (from cache)
54 silly pacote tag manifest for @types/forwarded@ts3.6 fetched in 88ms
55 http fetch GET 304 https://registry.npmjs.org/@types%2ffresh 77ms (from cache)
56 silly pacote tag manifest for @types/fresh@ts3.6 fetched in 79ms
57 http fetch GET 304 https://registry.npmjs.org/@types%2ffunction-bind 71ms (from cache)
58 silly pacote tag manifest for @types/function-bind@ts3.6 fetched in 72ms
59 http fetch GET 304 https://registry.npmjs.org/@types%2fgraceful-fs 73ms (from cache)
60 silly pacote tag manifest for @types/graceful-fs@ts3.6 fetched in 74ms
61 http fetch GET 304 https://registry.npmjs.org/@types%2ffs-minipass 108ms (from cache)
62 silly registry:manifest no matching version for @types/fs-minipass@ts3.6 in the cache. Forcing revalidation.
63 http fetch GET 304 https://registry.npmjs.org/@types%2fgauge 108ms (from cache)
64 silly registry:manifest no matching version for @types/gauge@ts3.6 in the cache. Forcing revalidation.
65 http fetch GET 304 https://registry.npmjs.org/@types%2fget-intrinsic 107ms (from cache)
66 silly registry:manifest no matching version for @types/get-intrinsic@ts3.6 in the cache. Forcing revalidation.
67 http fetch GET 304 https://registry.npmjs.org/@types%2fgopd 119ms (from cache)
68 silly registry:manifest no matching version for @types/gopd@ts3.6 in the cache. Forcing revalidation.
69 http fetch GET 304 https://registry.npmjs.org/@types%2fhas-property-descriptors 70ms (from cache)
70 silly registry:manifest no matching version for @types/has-property-descriptors@ts3.6 in the cache. Forcing revalidation.
71 http fetch GET 304 https://registry.npmjs.org/@types%2fhas-symbols 89ms (from cache)
72 silly pacote tag manifest for @types/has-symbols@ts3.6 fetched in 90ms
73 http fetch GET 200 https://registry.npmjs.org/@types%2ffs-minipass 88ms
74 silly fetchPackageMetaData error for @types/fs-minipass@ts3.6 No matching version found for @types/fs-minipass@ts3.6.
75 http fetch GET 200 https://registry.npmjs.org/@types%2fget-intrinsic 85ms
76 silly fetchPackageMetaData error for @types/get-intrinsic@ts3.6 No matching version found for @types/get-intrinsic@ts3.6.
77 http fetch GET 200 https://registry.npmjs.org/@types%2fgopd 71ms
78 silly fetchPackageMetaData error for @types/gopd@ts3.6 No matching version found for @types/gopd@ts3.6.
79 http fetch GET 200 https://registry.npmjs.org/@types%2fhas-property-descriptors 69ms
80 silly fetchPackageMetaData error for @types/has-property-descriptors@ts3.6 No matching version found for @types/has-property-descriptors@ts3.6.
81 http fetch GET 304 https://registry.npmjs.org/@types%2fhttp-cache-semantics 78ms (from cache)
82 silly pacote tag manifest for @types/http-cache-semantics@ts3.6 fetched in 79ms
83 http fetch GET 304 https://registry.npmjs.org/@types%2fimurmurhash 68ms (from cache)
84 http fetch GET 304 https://registry.npmjs.org/@types%2fhttp-errors 80ms (from cache)
85 silly pacote tag manifest for @types/imurmurhash@ts3.6 fetched in 70ms
86 silly pacote tag manifest for @types/http-errors@ts3.6 fetched in 82ms
87 http fetch GET 304 https://registry.npmjs.org/@types%2finflight 83ms (from cache)
88 silly registry:manifest no matching version for @types/inflight@ts3.6 in the cache. Forcing revalidation.
89 http fetch GET 304 https://registry.npmjs.org/@types%2finherits 78ms (from cache)
90 silly pacote tag manifest for @types/inherits@ts3.6 fetched in 80ms
91 http fetch GET 304 https://registry.npmjs.org/@types%2fisexe 86ms (from cache)
92 silly pacote tag manifest for @types/isexe@ts3.6 fetched in 88ms
93 http fetch GET 200 https://registry.npmjs.org/@types%2fgauge 719ms
94 silly fetchPackageMetaData error for @types/gauge@ts3.6 No matching version found for @types/gauge@ts3.6.
95 http fetch GET 304 https://registry.npmjs.org/@types%2fis-lambda 642ms (from cache)
96 silly registry:manifest no matching version for @types/is-lambda@ts3.6 in the cache. Forcing revalidation.
97 http fetch GET 200 https://registry.npmjs.org/@types%2fcall-bind 1450ms
98 silly fetchPackageMetaData error for @types/call-bind@ts3.6 No matching version found for @types/call-bind@ts3.6.
99 http fetch GET 304 https://registry.npmjs.org/@types%2fcontent-type 1442ms (from cache)
100 silly pacote tag manifest for @types/content-type@ts3.6 fetched in 1443ms
101 http fetch GET 304 https://registry.npmjs.org/@types%2fmethods 116ms (from cache)
102 http fetch GET 304 https://registry.npmjs.org/@types%2fmime 99ms (from cache)
103 silly pacote tag manifest for @types/methods@ts3.6 fetched in 118ms
104 silly pacote tag manifest for @types/mime@ts3.6 fetched in 102ms
105 http fetch GET 200 https://registry.npmjs.org/@types%2fdelegates 1434ms
106 silly fetchPackageMetaData error for @types/delegates@ts3.6 No matching version found for @types/delegates@ts3.6.
107 http fetch GET 304 https://registry.npmjs.org/@types%2fmime-db 79ms (from cache)
108 silly pacote tag manifest for @types/mime-db@ts3.6 fetched in 80ms
109 http fetch GET 304 https://registry.npmjs.org/@types%2fminizlib 90ms (from cache)
110 silly pacote tag manifest for @types/minizlib@ts3.6 fetched in 91ms
111 http fetch GET 304 https://registry.npmjs.org/@types%2fms 94ms (from cache)
112 silly pacote tag manifest for @types/ms@ts3.6 fetched in 95ms
113 http fetch GET 304 https://registry.npmjs.org/@types%2fnegotiator 96ms (from cache)
114 silly pacote tag manifest for @types/negotiator@ts3.6 fetched in 97ms
115 http fetch GET 304 https://registry.npmjs.org/@types%2fnode-fetch 83ms (from cache)
116 silly pacote tag manifest for @types/node-fetch@ts3.6 fetched in 85ms
117 http fetch GET 304 https://registry.npmjs.org/@types%2fnopt 89ms (from cache)
118 silly pacote tag manifest for @types/nopt@ts3.6 fetched in 90ms
119 http fetch GET 304 https://registry.npmjs.org/@types%2fhumanize-ms 1533ms (from cache)
120 http fetch GET 304 https://registry.npmjs.org/@types%2fnpmlog 160ms (from cache)
121 http fetch GET 304 https://registry.npmjs.org/@types%2fip 1457ms (from cache)
122 silly pacote tag manifest for @types/humanize-ms@ts3.6 fetched in 1535ms
123 silly pacote tag manifest for @types/npmlog@ts3.6 fetched in 162ms
124 silly pacote tag manifest for @types/ip@ts3.6 fetched in 1460ms
125 http fetch GET 304 https://registry.npmjs.org/@types%2fobject-assign 185ms (from cache)
126 silly pacote tag manifest for @types/object-assign@ts3.6 fetched in 186ms
127 http fetch GET 304 https://registry.npmjs.org/@types%2fon-finished 79ms (from cache)
128 silly pacote tag manifest for @types/on-finished@ts3.6 fetched in 82ms
129 http fetch GET 304 https://registry.npmjs.org/@types%2fconcat-map 2204ms (from cache)
130 http fetch GET 304 https://registry.npmjs.org/@types%2fobject-inspect 210ms (from cache)
131 http fetch GET 304 https://registry.npmjs.org/@types%2fonce 209ms (from cache)
132 http fetch GET 304 https://registry.npmjs.org/@types%2fparseurl 156ms (from cache)
133 silly pacote tag manifest for @types/concat-map@ts3.6 fetched in 2207ms
134 silly pacote tag manifest for @types/object-inspect@ts3.6 fetched in 215ms
135 silly pacote tag manifest for @types/once@ts3.6 fetched in 213ms
136 silly pacote tag manifest for @types/parseurl@ts3.6 fetched in 160ms
137 http fetch GET 304 https://registry.npmjs.org/@types%2fmake-fetch-happen 1532ms (from cache)
138 silly pacote tag manifest for @types/make-fetch-happen@ts3.6 fetched in 1533ms
139 http fetch GET 304 https://registry.npmjs.org/@types%2fpath-is-absolute 208ms (from cache)
140 silly pacote tag manifest for @types/path-is-absolute@ts3.6 fetched in 209ms
141 http fetch GET 304 https://registry.npmjs.org/@types%2fpromise-inflight 192ms (from cache)
142 http fetch GET 304 https://registry.npmjs.org/@types%2fproxy-addr 190ms (from cache)
143 http fetch GET 304 https://registry.npmjs.org/@types%2frange-parser 178ms (from cache)
144 http fetch GET 304 https://registry.npmjs.org/@types%2fqs 190ms (from cache)
145 silly pacote tag manifest for @types/promise-inflight@ts3.6 fetched in 194ms
146 silly pacote tag manifest for @types/qs@ts3.6 fetched in 192ms
147 silly pacote tag manifest for @types/proxy-addr@ts3.6 fetched in 193ms
148 silly pacote tag manifest for @types/range-parser@ts3.6 fetched in 181ms
149 http fetch GET 304 https://registry.npmjs.org/@types%2fpromise-retry 199ms (from cache)
150 silly pacote tag manifest for @types/promise-retry@ts3.6 fetched in 201ms
151 http fetch GET 304 https://registry.npmjs.org/@types%2fretry 133ms (from cache)
152 http fetch GET 304 https://registry.npmjs.org/@types%2fsend 131ms (from cache)
153 http fetch GET 304 https://registry.npmjs.org/@types%2fsemver 133ms (from cache)
154 silly pacote tag manifest for @types/retry@ts3.6 fetched in 136ms
155 silly pacote tag manifest for @types/send@ts3.6 fetched in 134ms
156 silly pacote tag manifest for @types/semver@ts3.6 fetched in 136ms
157 http fetch GET 304 https://registry.npmjs.org/@types%2fssri 145ms (from cache)
158 http fetch GET 304 https://registry.npmjs.org/@types%2fmedia-typer 1597ms (from cache)
159 silly pacote tag manifest for @types/ssri@ts3.6 fetched in 146ms
160 silly pacote tag manifest for @types/media-typer@ts3.6 fetched in 1600ms
161 http fetch GET 304 https://registry.npmjs.org/@types%2fstatuses 248ms (from cache)
162 http fetch GET 304 https://registry.npmjs.org/@types%2ftar 102ms (from cache)
163 silly pacote tag manifest for @types/statuses@ts3.6 fetched in 249ms
164 silly pacote tag manifest for @types/tar@ts3.6 fetched in 104ms
165 http fetch GET 304 https://registry.npmjs.org/@types%2ftr46 98ms (from cache)
166 silly registry:manifest no matching version for @types/tr46@ts3.6 in the cache. Forcing revalidation.
167 http fetch GET 200 https://registry.npmjs.org/@types%2finflight 2339ms
168 silly fetchPackageMetaData error for @types/inflight@ts3.6 No matching version found for @types/inflight@ts3.6.
169 http fetch GET 304 https://registry.npmjs.org/@types%2fmime-types 1430ms (from cache)
170 http fetch GET 304 https://registry.npmjs.org/@types%2ftype-is 217ms (from cache)
171 silly pacote tag manifest for @types/mime-types@ts3.6 fetched in 1433ms
172 silly pacote tag manifest for @types/type-is@ts3.6 fetched in 219ms
173 http fetch GET 304 https://registry.npmjs.org/@types%2futil-deprecate 163ms (from cache)
174 http fetch GET 200 https://registry.npmjs.org/@types%2ftr46 168ms
175 silly fetchPackageMetaData error for @types/tr46@ts3.6 No matching version found for @types/tr46@ts3.6.
176 silly pacote tag manifest for @types/util-deprecate@ts3.6 fetched in 165ms
177 http fetch GET 304 https://registry.npmjs.org/@types%2futils-merge 85ms (from cache)
178 silly pacote tag manifest for @types/utils-merge@ts3.6 fetched in 86ms
179 http fetch GET 304 https://registry.npmjs.org/@types%2fvary 87ms (from cache)
180 silly pacote tag manifest for @types/vary@ts3.6 fetched in 88ms
181 http fetch GET 304 https://registry.npmjs.org/@types%2fwebidl-conversions 157ms (from cache)
182 http fetch GET 304 https://registry.npmjs.org/@types%2fwhatwg-url 158ms (from cache)
183 silly pacote tag manifest for @types/webidl-conversions@ts3.6 fetched in 159ms
184 silly pacote tag manifest for @types/whatwg-url@ts3.6 fetched in 159ms
185 http fetch GET 304 https://registry.npmjs.org/@types%2fyallist 171ms (from cache)
186 silly pacote tag manifest for @types/yallist@ts3.6 fetched in 173ms
187 http fetch GET 304 https://registry.npmjs.org/@types%2fwhich 206ms (from cache)
188 silly pacote tag manifest for @types/which@ts3.6 fetched in 207ms
189 http fetch GET 200 https://registry.npmjs.org/@types%2fis-lambda 2239ms
190 silly fetchPackageMetaData error for @types/is-lambda@ts3.6 No matching version found for @types/is-lambda@ts3.6.
191 http fetch GET 304 https://registry.npmjs.org/@types%2freadable-stream 1414ms (from cache)
192 silly pacote tag manifest for @types/readable-stream@ts3.6 fetched in 1415ms
193 http fetch GET 304 https://registry.npmjs.org/@types%2fsignal-exit 1286ms (from cache)
194 silly pacote tag manifest for @types/signal-exit@ts3.6 fetched in 1287ms
195 http fetch GET 304 https://registry.npmjs.org/@types%2fsafer-buffer 1506ms (from cache)
196 silly pacote tag manifest for @types/safer-buffer@ts3.6 fetched in 1507ms
197 http fetch GET 304 https://registry.npmjs.org/@types%2fset-blocking 2323ms (from cache)
198 silly registry:manifest no matching version for @types/set-blocking@ts3.6 in the cache. Forcing revalidation.
199 http fetch GET 200 https://registry.npmjs.org/@types%2fset-blocking 176ms
200 silly fetchPackageMetaData error for @types/set-blocking@ts3.6 No matching version found for @types/set-blocking@ts3.6.
201 http fetch GET 304 https://registry.npmjs.org/@types%2ftoidentifier 2370ms (from cache)
202 silly registry:manifest no matching version for @types/toidentifier@ts3.6 in the cache. Forcing revalidation.
203 http fetch GET 200 https://registry.npmjs.org/@types%2ftoidentifier 201ms
204 silly fetchPackageMetaData error for @types/toidentifier@ts3.6 No matching version found for @types/toidentifier@ts3.6.
205 timing stage:rollbackFailedOptional Completed in 0ms
206 timing stage:runTopLevelLifecycles Completed in 5512ms
207 verbose type tag
208 verbose stack @types/fs-minipass: No matching version found for @types/fs-minipass@ts3.6.
208 verbose stack     at pickManifest (/usr/local/lib/node_modules/npm/node_modules/npm-pick-manifest/index.js:122:13)
208 verbose stack     at /usr/local/lib/node_modules/npm/node_modules/pacote/lib/fetchers/registry/manifest.js:43:18
208 verbose stack     at tryCatcher (/usr/local/lib/node_modules/npm/node_modules/bluebird/js/release/util.js:16:23)
208 verbose stack     at Promise._settlePromiseFromHandler (/usr/local/lib/node_modules/npm/node_modules/bluebird/js/release/promise.js:517:31)
208 verbose stack     at Promise._settlePromise (/usr/local/lib/node_modules/npm/node_modules/bluebird/js/release/promise.js:574:18)
208 verbose stack     at Promise._settlePromise0 (/usr/local/lib/node_modules/npm/node_modules/bluebird/js/release/promise.js:619:10)
208 verbose stack     at Promise._settlePromises (/usr/local/lib/node_modules/npm/node_modules/bluebird/js/release/promise.js:699:18)
208 verbose stack     at _drainQueueStep (/usr/local/lib/node_modules/npm/node_modules/bluebird/js/release/async.js:138:12)
208 verbose stack     at _drainQueue (/usr/local/lib/node_modules/npm/node_modules/bluebird/js/release/async.js:131:9)
208 verbose stack     at Async._drainQueues (/usr/local/lib/node_modules/npm/node_modules/bluebird/js/release/async.js:147:5)
208 verbose stack     at Immediate.Async.drainQueues [as _onImmediate] (/usr/local/lib/node_modules/npm/node_modules/bluebird/js/release/async.js:17:14)
208 verbose stack     at processImmediate (internal/timers.js:456:21)
209 verbose cwd /home/theia/.cache/typescript/3.6
210 verbose Linux 5.10.16.3-microsoft-standard-WSL2
211 verbose argv "/usr/local/bin/node" "/usr/local/bin/npm" "install" "--ignore-scripts" "@types/abbrev@ts3.6" "@types/accepts@ts3.6" "@types/are-we-there-yet@ts3.6" "@types/balanced-match@ts3.6" "@types/brace-expansion@ts3.6" "@types/bytes@ts3.6" "@types/cacache@ts3.6" "@types/call-bind@ts3.6" "@types/chownr@ts3.6" "@types/color-support@ts3.6" "@types/concat-map@ts3.6" "@types/content-disposition@ts3.6" "@types/content-type@ts3.6" "@types/cookie@ts3.6" "@types/cookie-signature@ts3.6" "@types/debug@ts3.6" "@types/delegates@ts3.6" "@types/depd@ts3.6" "@types/destroy@ts3.6" "@types/detect-libc@ts3.6" "@types/ee-first@ts3.6" "@types/encodeurl@ts3.6" "@types/escape-html@ts3.6" "@types/etag@ts3.6" "@types/finalhandler@ts3.6" "@types/forwarded@ts3.6" "@types/fresh@ts3.6" "@types/fs-minipass@ts3.6" "@types/function-bind@ts3.6" "@types/gauge@ts3.6" "@types/get-intrinsic@ts3.6" "@types/gopd@ts3.6" "@types/graceful-fs@ts3.6" "@types/has-property-descriptors@ts3.6" "@types/has-symbols@ts3.6" "@types/http-cache-semantics@ts3.6" "@types/http-errors@ts3.6" "@types/humanize-ms@ts3.6" "@types/imurmurhash@ts3.6" "@types/inflight@ts3.6" "@types/inherits@ts3.6" "@types/ip@ts3.6" "@types/is-lambda@ts3.6" "@types/isexe@ts3.6" "@types/make-fetch-happen@ts3.6" "@types/media-typer@ts3.6" "@types/methods@ts3.6" "@types/mime@ts3.6" "@types/mime-db@ts3.6" "@types/mime-types@ts3.6" "@types/minizlib@ts3.6" "@types/ms@ts3.6" "@types/negotiator@ts3.6" "@types/node-fetch@ts3.6" "@types/nopt@ts3.6" "@types/npmlog@ts3.6" "@types/object-assign@ts3.6" "@types/object-inspect@ts3.6" "@types/on-finished@ts3.6" "@types/once@ts3.6" "@types/parseurl@ts3.6" "@types/path-is-absolute@ts3.6" "@types/promise-inflight@ts3.6" "@types/promise-retry@ts3.6" "@types/proxy-addr@ts3.6" "@types/qs@ts3.6" "@types/range-parser@ts3.6" "@types/readable-stream@ts3.6" "@types/retry@ts3.6" "@types/safer-buffer@ts3.6" "@types/semver@ts3.6" "@types/send@ts3.6" "@types/set-blocking@ts3.6" "@types/signal-exit@ts3.6" "@types/ssri@ts3.6" "@types/statuses@ts3.6" "@types/tar@ts3.6" "@types/toidentifier@ts3.6" "@types/tr46@ts3.6" "@types/type-is@ts3.6" "@types/util-deprecate@ts3.6" "@types/utils-merge@ts3.6" "@types/vary@ts3.6" "@types/webidl-conversions@ts3.6" "@types/whatwg-url@ts3.6" "@types/which@ts3.6" "@types/yallist@ts3.6" "--save-dev" "--user-agent=typesInstaller/3.6.3"
212 verbose node v12.18.3
213 verbose npm  v6.14.6
214 error code ETARGET
215 error notarget No matching version found for @types/fs-minipass@ts3.6.
216 error notarget In most cases you or one of your dependencies are requesting
216 error notarget a package version that doesn't exist.
217 verbose exit [ 1, true ]
