0 info it worked if it ends with ok
1 verbose cli [
1 verbose cli   '/usr/local/bin/node',
1 verbose cli   '/usr/local/bin/npm',
1 verbose cli   'install',
1 verbose cli   '--ignore-scripts',
1 verbose cli   '@types/abbrev@ts3.6',
1 verbose cli   '@types/accepts@ts3.6',
1 verbose cli   '@types/are-we-there-yet@ts3.6',
1 verbose cli   '@types/balanced-match@ts3.6',
1 verbose cli   '@types/brace-expansion@ts3.6',
1 verbose cli   '@types/bytes@ts3.6',
1 verbose cli   '@types/cacache@ts3.6',
1 verbose cli   '@types/call-bind@ts3.6',
1 verbose cli   '@types/chownr@ts3.6',
1 verbose cli   '@types/color-support@ts3.6',
1 verbose cli   '@types/concat-map@ts3.6',
1 verbose cli   '@types/content-disposition@ts3.6',
1 verbose cli   '@types/content-type@ts3.6',
1 verbose cli   '@types/cookie@ts3.6',
1 verbose cli   '@types/cookie-signature@ts3.6',
1 verbose cli   '@types/debug@ts3.6',
1 verbose cli   '@types/delegates@ts3.6',
1 verbose cli   '@types/depd@ts3.6',
1 verbose cli   '@types/destroy@ts3.6',
1 verbose cli   '@types/detect-libc@ts3.6',
1 verbose cli   '@types/ee-first@ts3.6',
1 verbose cli   '@types/encodeurl@ts3.6',
1 verbose cli   '@types/escape-html@ts3.6',
1 verbose cli   '@types/etag@ts3.6',
1 verbose cli   '@types/finalhandler@ts3.6',
1 verbose cli   '@types/forwarded@ts3.6',
1 verbose cli   '@types/fresh@ts3.6',
1 verbose cli   '@types/fs-minipass@ts3.6',
1 verbose cli   '@types/function-bind@ts3.6',
1 verbose cli   '@types/gauge@ts3.6',
1 verbose cli   '@types/get-intrinsic@ts3.6',
1 verbose cli   '@types/gopd@ts3.6',
1 verbose cli   '@types/graceful-fs@ts3.6',
1 verbose cli   '@types/has-property-descriptors@ts3.6',
1 verbose cli   '@types/has-symbols@ts3.6',
1 verbose cli   '@types/http-cache-semantics@ts3.6',
1 verbose cli   '@types/http-errors@ts3.6',
1 verbose cli   '@types/humanize-ms@ts3.6',
1 verbose cli   '@types/imurmurhash@ts3.6',
1 verbose cli   '@types/inflight@ts3.6',
1 verbose cli   '@types/inherits@ts3.6',
1 verbose cli   '@types/ip@ts3.6',
1 verbose cli   '@types/is-lambda@ts3.6',
1 verbose cli   '@types/isexe@ts3.6',
1 verbose cli   '@types/make-fetch-happen@ts3.6',
1 verbose cli   '@types/media-typer@ts3.6',
1 verbose cli   '@types/methods@ts3.6',
1 verbose cli   '@types/mime@ts3.6',
1 verbose cli   '@types/mime-db@ts3.6',
1 verbose cli   '@types/mime-types@ts3.6',
1 verbose cli   '@types/minizlib@ts3.6',
1 verbose cli   '@types/ms@ts3.6',
1 verbose cli   '@types/negotiator@ts3.6',
1 verbose cli   '@types/node-fetch@ts3.6',
1 verbose cli   '@types/nopt@ts3.6',
1 verbose cli   '@types/npmlog@ts3.6',
1 verbose cli   '@types/object-assign@ts3.6',
1 verbose cli   '@types/object-inspect@ts3.6',
1 verbose cli   '@types/on-finished@ts3.6',
1 verbose cli   '@types/once@ts3.6',
1 verbose cli   '@types/parseurl@ts3.6',
1 verbose cli   '@types/path-is-absolute@ts3.6',
1 verbose cli   '@types/promise-inflight@ts3.6',
1 verbose cli   '@types/promise-retry@ts3.6',
1 verbose cli   '@types/proxy-addr@ts3.6',
1 verbose cli   '@types/qs@ts3.6',
1 verbose cli   '@types/range-parser@ts3.6',
1 verbose cli   '@types/readable-stream@ts3.6',
1 verbose cli   '@types/retry@ts3.6',
1 verbose cli   '@types/safer-buffer@ts3.6',
1 verbose cli   '@types/semver@ts3.6',
1 verbose cli   '@types/send@ts3.6',
1 verbose cli   '@types/set-blocking@ts3.6',
1 verbose cli   '@types/signal-exit@ts3.6',
1 verbose cli   '@types/ssri@ts3.6',
1 verbose cli   '@types/statuses@ts3.6',
1 verbose cli   '@types/tar@ts3.6',
1 verbose cli   '@types/toidentifier@ts3.6',
1 verbose cli   '@types/tr46@ts3.6',
1 verbose cli   '@types/type-is@ts3.6',
1 verbose cli   '@types/util-deprecate@ts3.6',
1 verbose cli   '@types/utils-merge@ts3.6',
1 verbose cli   '@types/vary@ts3.6',
1 verbose cli   '@types/webidl-conversions@ts3.6',
1 verbose cli   '@types/whatwg-url@ts3.6',
1 verbose cli   '@types/which@ts3.6',
1 verbose cli   '@types/yallist@ts3.6',
1 verbose cli   '--save-dev',
1 verbose cli   '--user-agent=typesInstaller/3.6.3'
1 verbose cli ]
2 info using npm@6.14.6
3 info using node@v12.18.3
4 verbose npm-session cdeffe350c032e6f
5 silly install loadCurrentTree
6 silly install readLocalPackageData
7 http fetch GET 304 https://registry.npmjs.org/@types%2fbrace-expansion 218ms (from cache)
8 http fetch GET 304 https://registry.npmjs.org/@types%2fcacache 220ms (from cache)
9 silly pacote tag manifest for @types/brace-expansion@ts3.6 fetched in 225ms
10 silly pacote tag manifest for @types/cacache@ts3.6 fetched in 227ms
11 http fetch GET 304 https://registry.npmjs.org/@types%2fbalanced-match 236ms (from cache)
12 silly pacote tag manifest for @types/balanced-match@ts3.6 fetched in 242ms
13 http fetch GET 304 https://registry.npmjs.org/@types%2fcall-bind 241ms (from cache)
14 silly registry:manifest no matching version for @types/call-bind@ts3.6 in the cache. Forcing revalidation.
15 http fetch GET 304 https://registry.npmjs.org/@types%2faccepts 248ms (from cache)
16 silly pacote tag manifest for @types/accepts@ts3.6 fetched in 252ms
17 http fetch GET 304 https://registry.npmjs.org/@types%2fare-we-there-yet 252ms (from cache)
18 http fetch GET 304 https://registry.npmjs.org/@types%2fbytes 251ms (from cache)
19 http fetch GET 304 https://registry.npmjs.org/@types%2fcolor-support 248ms (from cache)
20 silly pacote tag manifest for @types/bytes@ts3.6 fetched in 253ms
21 http fetch GET 304 https://registry.npmjs.org/@types%2fchownr 252ms (from cache)
22 silly pacote tag manifest for @types/are-we-there-yet@ts3.6 fetched in 257ms
23 silly pacote tag manifest for @types/color-support@ts3.6 fetched in 252ms
24 silly pacote tag manifest for @types/chownr@ts3.6 fetched in 256ms
25 http fetch GET 200 https://registry.npmjs.org/@types%2fcall-bind 67ms
26 silly fetchPackageMetaData error for @types/call-bind@ts3.6 No matching version found for @types/call-bind@ts3.6.
27 http fetch GET 304 https://registry.npmjs.org/@types%2fcontent-disposition 89ms (from cache)
28 silly pacote tag manifest for @types/content-disposition@ts3.6 fetched in 90ms
29 http fetch GET 304 https://registry.npmjs.org/@types%2fcontent-type 81ms (from cache)
30 silly pacote tag manifest for @types/content-type@ts3.6 fetched in 85ms
31 http fetch GET 304 https://registry.npmjs.org/@types%2fcookie 81ms (from cache)
32 silly pacote tag manifest for @types/cookie@ts3.6 fetched in 82ms
33 http fetch GET 304 https://registry.npmjs.org/@types%2fdepd 92ms (from cache)
34 silly pacote tag manifest for @types/depd@ts3.6 fetched in 96ms
35 http fetch GET 304 https://registry.npmjs.org/@types%2fdebug 106ms (from cache)
36 silly pacote tag manifest for @types/debug@ts3.6 fetched in 107ms
37 http fetch GET 304 https://registry.npmjs.org/@types%2fcookie-signature 111ms (from cache)
38 silly pacote tag manifest for @types/cookie-signature@ts3.6 fetched in 112ms
39 http fetch GET 304 https://registry.npmjs.org/@types%2fdestroy 68ms (from cache)
40 silly pacote tag manifest for @types/destroy@ts3.6 fetched in 69ms
41 http fetch GET 304 https://registry.npmjs.org/@types%2fencodeurl 57ms (from cache)
42 silly pacote tag manifest for @types/encodeurl@ts3.6 fetched in 59ms
43 http fetch GET 304 https://registry.npmjs.org/@types%2fee-first 68ms (from cache)
44 silly pacote tag manifest for @types/ee-first@ts3.6 fetched in 69ms
45 http fetch GET 304 https://registry.npmjs.org/@types%2fescape-html 73ms (from cache)
46 silly pacote tag manifest for @types/escape-html@ts3.6 fetched in 74ms
47 http fetch GET 304 https://registry.npmjs.org/@types%2ffresh 62ms (from cache)
48 silly pacote tag manifest for @types/fresh@ts3.6 fetched in 64ms
49 http fetch GET 304 https://registry.npmjs.org/@types%2ffs-minipass 73ms (from cache)
50 silly registry:manifest no matching version for @types/fs-minipass@ts3.6 in the cache. Forcing revalidation.
51 http fetch GET 304 https://registry.npmjs.org/@types%2fetag 113ms (from cache)
52 http fetch GET 304 https://registry.npmjs.org/@types%2fforwarded 95ms (from cache)
53 silly pacote tag manifest for @types/etag@ts3.6 fetched in 114ms
54 silly pacote tag manifest for @types/forwarded@ts3.6 fetched in 96ms
55 http fetch GET 304 https://registry.npmjs.org/@types%2ffunction-bind 73ms (from cache)
56 silly pacote tag manifest for @types/function-bind@ts3.6 fetched in 75ms
57 http fetch GET 304 https://registry.npmjs.org/@types%2fgauge 67ms (from cache)
58 silly registry:manifest no matching version for @types/gauge@ts3.6 in the cache. Forcing revalidation.
59 http fetch GET 200 https://registry.npmjs.org/@types%2ffs-minipass 70ms
60 silly fetchPackageMetaData error for @types/fs-minipass@ts3.6 No matching version found for @types/fs-minipass@ts3.6.
61 http fetch GET 304 https://registry.npmjs.org/@types%2fget-intrinsic 82ms (from cache)
62 silly registry:manifest no matching version for @types/get-intrinsic@ts3.6 in the cache. Forcing revalidation.
63 http fetch GET 200 https://registry.npmjs.org/@types%2fgauge 69ms
64 silly fetchPackageMetaData error for @types/gauge@ts3.6 No matching version found for @types/gauge@ts3.6.
65 http fetch GET 304 https://registry.npmjs.org/@types%2fgraceful-fs 88ms (from cache)
66 silly pacote tag manifest for @types/graceful-fs@ts3.6 fetched in 90ms
67 http fetch GET 304 https://registry.npmjs.org/@types%2fhas-property-descriptors 68ms (from cache)
68 silly registry:manifest no matching version for @types/has-property-descriptors@ts3.6 in the cache. Forcing revalidation.
69 http fetch GET 304 https://registry.npmjs.org/@types%2fhas-symbols 68ms (from cache)
70 silly pacote tag manifest for @types/has-symbols@ts3.6 fetched in 69ms
71 http fetch GET 304 https://registry.npmjs.org/@types%2fhttp-cache-semantics 80ms (from cache)
72 silly pacote tag manifest for @types/http-cache-semantics@ts3.6 fetched in 81ms
73 http fetch GET 200 https://registry.npmjs.org/@types%2fhas-property-descriptors 80ms
74 silly fetchPackageMetaData error for @types/has-property-descriptors@ts3.6 No matching version found for @types/has-property-descriptors@ts3.6.
75 http fetch GET 304 https://registry.npmjs.org/@types%2fhttp-errors 61ms (from cache)
76 silly pacote tag manifest for @types/http-errors@ts3.6 fetched in 62ms
77 http fetch GET 304 https://registry.npmjs.org/@types%2fhumanize-ms 76ms (from cache)
78 silly pacote tag manifest for @types/humanize-ms@ts3.6 fetched in 77ms
79 http fetch GET 304 https://registry.npmjs.org/@types%2fimurmurhash 94ms (from cache)
80 silly pacote tag manifest for @types/imurmurhash@ts3.6 fetched in 96ms
81 http fetch GET 304 https://registry.npmjs.org/@types%2fabbrev 815ms (from cache)
82 silly pacote tag manifest for @types/abbrev@ts3.6 fetched in 819ms
83 http fetch GET 304 https://registry.npmjs.org/@types%2finflight 88ms (from cache)
84 silly registry:manifest no matching version for @types/inflight@ts3.6 in the cache. Forcing revalidation.
85 http fetch GET 304 https://registry.npmjs.org/@types%2finherits 69ms (from cache)
86 silly pacote tag manifest for @types/inherits@ts3.6 fetched in 70ms
87 http fetch GET 200 https://registry.npmjs.org/@types%2finflight 60ms
88 silly fetchPackageMetaData error for @types/inflight@ts3.6 No matching version found for @types/inflight@ts3.6.
89 http fetch GET 304 https://registry.npmjs.org/@types%2fip 95ms (from cache)
90 silly pacote tag manifest for @types/ip@ts3.6 fetched in 96ms
91 http fetch GET 304 https://registry.npmjs.org/@types%2fisexe 74ms (from cache)
92 silly pacote tag manifest for @types/isexe@ts3.6 fetched in 75ms
93 http fetch GET 304 https://registry.npmjs.org/@types%2fmake-fetch-happen 63ms (from cache)
94 silly pacote tag manifest for @types/make-fetch-happen@ts3.6 fetched in 64ms
95 http fetch GET 304 https://registry.npmjs.org/@types%2fmedia-typer 79ms (from cache)
96 silly pacote tag manifest for @types/media-typer@ts3.6 fetched in 82ms
97 http fetch GET 304 https://registry.npmjs.org/@types%2fmethods 73ms (from cache)
98 silly pacote tag manifest for @types/methods@ts3.6 fetched in 74ms
99 http fetch GET 304 https://registry.npmjs.org/@types%2fmime 58ms (from cache)
100 silly pacote tag manifest for @types/mime@ts3.6 fetched in 60ms
101 http fetch GET 304 https://registry.npmjs.org/@types%2fmime-db 73ms (from cache)
102 silly pacote tag manifest for @types/mime-db@ts3.6 fetched in 75ms
103 http fetch GET 304 https://registry.npmjs.org/@types%2fmime-types 80ms (from cache)
104 silly pacote tag manifest for @types/mime-types@ts3.6 fetched in 81ms
105 http fetch GET 304 https://registry.npmjs.org/@types%2fminizlib 81ms (from cache)
106 silly pacote tag manifest for @types/minizlib@ts3.6 fetched in 82ms
107 http fetch GET 304 https://registry.npmjs.org/@types%2fms 82ms (from cache)
108 silly pacote tag manifest for @types/ms@ts3.6 fetched in 83ms
109 http fetch GET 304 https://registry.npmjs.org/@types%2fnegotiator 74ms (from cache)
110 silly pacote tag manifest for @types/negotiator@ts3.6 fetched in 76ms
111 http fetch GET 304 https://registry.npmjs.org/@types%2fnode-fetch 72ms (from cache)
112 silly pacote tag manifest for @types/node-fetch@ts3.6 fetched in 74ms
113 http fetch GET 304 https://registry.npmjs.org/@types%2fnopt 62ms (from cache)
114 silly pacote tag manifest for @types/nopt@ts3.6 fetched in 64ms
115 http fetch GET 304 https://registry.npmjs.org/@types%2fnpmlog 78ms (from cache)
116 silly pacote tag manifest for @types/npmlog@ts3.6 fetched in 80ms
117 http fetch GET 304 https://registry.npmjs.org/@types%2fobject-assign 66ms (from cache)
118 silly pacote tag manifest for @types/object-assign@ts3.6 fetched in 69ms
119 http fetch GET 304 https://registry.npmjs.org/@types%2fobject-inspect 63ms (from cache)
120 silly pacote tag manifest for @types/object-inspect@ts3.6 fetched in 64ms
121 http fetch GET 304 https://registry.npmjs.org/@types%2fon-finished 67ms (from cache)
122 http fetch GET 304 https://registry.npmjs.org/@types%2fonce 59ms (from cache)
123 silly pacote tag manifest for @types/once@ts3.6 fetched in 60ms
124 silly pacote tag manifest for @types/on-finished@ts3.6 fetched in 70ms
125 http fetch GET 304 https://registry.npmjs.org/@types%2fparseurl 65ms (from cache)
126 silly pacote tag manifest for @types/parseurl@ts3.6 fetched in 67ms
127 http fetch GET 304 https://registry.npmjs.org/@types%2fpath-is-absolute 78ms (from cache)
128 silly pacote tag manifest for @types/path-is-absolute@ts3.6 fetched in 80ms
129 http fetch GET 304 https://registry.npmjs.org/@types%2fproxy-addr 72ms (from cache)
130 silly pacote tag manifest for @types/proxy-addr@ts3.6 fetched in 74ms
131 http fetch GET 304 https://registry.npmjs.org/@types%2fqs 88ms (from cache)
132 silly pacote tag manifest for @types/qs@ts3.6 fetched in 89ms
133 http fetch GET 304 https://registry.npmjs.org/@types%2frange-parser 67ms (from cache)
134 silly pacote tag manifest for @types/range-parser@ts3.6 fetched in 68ms
135 http fetch GET 200 https://registry.npmjs.org/@types%2freadable-stream 71ms
136 silly pacote tag manifest for @types/readable-stream@ts3.6 fetched in 74ms
137 http fetch GET 304 https://registry.npmjs.org/@types%2fdelegates 1425ms (from cache)
138 silly registry:manifest no matching version for @types/delegates@ts3.6 in the cache. Forcing revalidation.
139 http fetch GET 304 https://registry.npmjs.org/@types%2fretry 70ms (from cache)
140 silly pacote tag manifest for @types/retry@ts3.6 fetched in 71ms
141 http fetch GET 304 https://registry.npmjs.org/@types%2fdetect-libc 1436ms (from cache)
142 silly pacote tag manifest for @types/detect-libc@ts3.6 fetched in 1437ms
143 http fetch GET 304 https://registry.npmjs.org/@types%2fsemver 66ms (from cache)
144 silly pacote tag manifest for @types/semver@ts3.6 fetched in 68ms
145 http fetch GET 304 https://registry.npmjs.org/@types%2fsend 84ms (from cache)
146 silly pacote tag manifest for @types/send@ts3.6 fetched in 85ms
147 http fetch GET 304 https://registry.npmjs.org/@types%2fset-blocking 68ms (from cache)
148 silly registry:manifest no matching version for @types/set-blocking@ts3.6 in the cache. Forcing revalidation.
149 http fetch GET 200 https://registry.npmjs.org/@types%2fset-blocking 64ms
150 silly fetchPackageMetaData error for @types/set-blocking@ts3.6 No matching version found for @types/set-blocking@ts3.6.
151 http fetch GET 200 https://registry.npmjs.org/@types%2fget-intrinsic 1504ms
152 silly fetchPackageMetaData error for @types/get-intrinsic@ts3.6 No matching version found for @types/get-intrinsic@ts3.6.
153 http fetch GET 304 https://registry.npmjs.org/@types%2fsignal-exit 84ms (from cache)
154 silly pacote tag manifest for @types/signal-exit@ts3.6 fetched in 85ms
155 http fetch GET 304 https://registry.npmjs.org/@types%2fssri 72ms (from cache)
156 silly pacote tag manifest for @types/ssri@ts3.6 fetched in 74ms
157 http fetch GET 304 https://registry.npmjs.org/@types%2fstatuses 66ms (from cache)
158 silly pacote tag manifest for @types/statuses@ts3.6 fetched in 67ms
159 http fetch GET 304 https://registry.npmjs.org/@types%2ftar 62ms (from cache)
160 silly pacote tag manifest for @types/tar@ts3.6 fetched in 64ms
161 http fetch GET 304 https://registry.npmjs.org/@types%2ftoidentifier 77ms (from cache)
162 silly registry:manifest no matching version for @types/toidentifier@ts3.6 in the cache. Forcing revalidation.
163 http fetch GET 200 https://registry.npmjs.org/@types%2ftoidentifier 77ms
164 silly fetchPackageMetaData error for @types/toidentifier@ts3.6 No matching version found for @types/toidentifier@ts3.6.
165 http fetch GET 304 https://registry.npmjs.org/@types%2fconcat-map 2167ms (from cache)
166 silly pacote tag manifest for @types/concat-map@ts3.6 fetched in 2168ms
167 http fetch GET 304 https://registry.npmjs.org/@types%2fsafer-buffer 665ms (from cache)
168 silly pacote tag manifest for @types/safer-buffer@ts3.6 fetched in 666ms
169 http fetch GET 304 https://registry.npmjs.org/@types%2ftype-is 93ms (from cache)
170 silly pacote tag manifest for @types/type-is@ts3.6 fetched in 94ms
171 http fetch GET 304 https://registry.npmjs.org/@types%2futil-deprecate 84ms (from cache)
172 silly pacote tag manifest for @types/util-deprecate@ts3.6 fetched in 85ms
173 http fetch GET 304 https://registry.npmjs.org/@types%2futils-merge 78ms (from cache)
174 silly pacote tag manifest for @types/utils-merge@ts3.6 fetched in 81ms
175 http fetch GET 304 https://registry.npmjs.org/@types%2ffinalhandler 2144ms (from cache)
176 silly pacote tag manifest for @types/finalhandler@ts3.6 fetched in 2145ms
177 http fetch GET 304 https://registry.npmjs.org/@types%2fvary 71ms (from cache)
178 silly pacote tag manifest for @types/vary@ts3.6 fetched in 73ms
179 http fetch GET 304 https://registry.npmjs.org/@types%2fwhatwg-url 63ms (from cache)
180 silly pacote tag manifest for @types/whatwg-url@ts3.6 fetched in 65ms
181 http fetch GET 304 https://registry.npmjs.org/@types%2fwebidl-conversions 81ms (from cache)
182 silly pacote tag manifest for @types/webidl-conversions@ts3.6 fetched in 82ms
183 http fetch GET 304 https://registry.npmjs.org/@types%2ftr46 363ms (from cache)
184 silly registry:manifest no matching version for @types/tr46@ts3.6 in the cache. Forcing revalidation.
185 http fetch GET 304 https://registry.npmjs.org/@types%2fwhich 70ms (from cache)
186 silly pacote tag manifest for @types/which@ts3.6 fetched in 71ms
187 http fetch GET 304 https://registry.npmjs.org/@types%2fyallist 70ms (from cache)
188 silly pacote tag manifest for @types/yallist@ts3.6 fetched in 73ms
189 http fetch GET 200 https://registry.npmjs.org/@types%2ftr46 67ms
190 silly fetchPackageMetaData error for @types/tr46@ts3.6 No matching version found for @types/tr46@ts3.6.
191 http fetch GET 304 https://registry.npmjs.org/@types%2fgopd 2264ms (from cache)
192 silly registry:manifest no matching version for @types/gopd@ts3.6 in the cache. Forcing revalidation.
193 http fetch GET 304 https://registry.npmjs.org/@types%2fis-lambda 2253ms (from cache)
194 silly registry:manifest no matching version for @types/is-lambda@ts3.6 in the cache. Forcing revalidation.
195 http fetch GET 200 https://registry.npmjs.org/@types%2fis-lambda 64ms
196 silly fetchPackageMetaData error for @types/is-lambda@ts3.6 No matching version found for @types/is-lambda@ts3.6.
197 http fetch GET 304 https://registry.npmjs.org/@types%2fpromise-inflight 2325ms (from cache)
198 silly pacote tag manifest for @types/promise-inflight@ts3.6 fetched in 2327ms
199 http fetch GET 304 https://registry.npmjs.org/@types%2fpromise-retry 2440ms (from cache)
200 silly pacote tag manifest for @types/promise-retry@ts3.6 fetched in 2441ms
201 http fetch GET 200 https://registry.npmjs.org/@types%2fdelegates 2207ms
202 silly fetchPackageMetaData error for @types/delegates@ts3.6 No matching version found for @types/delegates@ts3.6.
203 http fetch GET 200 https://registry.npmjs.org/@types%2fgopd 1392ms
204 silly fetchPackageMetaData error for @types/gopd@ts3.6 No matching version found for @types/gopd@ts3.6.
205 timing stage:rollbackFailedOptional Completed in 1ms
206 timing stage:runTopLevelLifecycles Completed in 4170ms
207 verbose type tag
208 verbose stack @types/call-bind: No matching version found for @types/call-bind@ts3.6.
208 verbose stack     at pickManifest (/usr/local/lib/node_modules/npm/node_modules/npm-pick-manifest/index.js:122:13)
208 verbose stack     at /usr/local/lib/node_modules/npm/node_modules/pacote/lib/fetchers/registry/manifest.js:43:18
208 verbose stack     at tryCatcher (/usr/local/lib/node_modules/npm/node_modules/bluebird/js/release/util.js:16:23)
208 verbose stack     at Promise._settlePromiseFromHandler (/usr/local/lib/node_modules/npm/node_modules/bluebird/js/release/promise.js:517:31)
208 verbose stack     at Promise._settlePromise (/usr/local/lib/node_modules/npm/node_modules/bluebird/js/release/promise.js:574:18)
208 verbose stack     at Promise._settlePromise0 (/usr/local/lib/node_modules/npm/node_modules/bluebird/js/release/promise.js:619:10)
208 verbose stack     at Promise._settlePromises (/usr/local/lib/node_modules/npm/node_modules/bluebird/js/release/promise.js:699:18)
208 verbose stack     at _drainQueueStep (/usr/local/lib/node_modules/npm/node_modules/bluebird/js/release/async.js:138:12)
208 verbose stack     at _drainQueue (/usr/local/lib/node_modules/npm/node_modules/bluebird/js/release/async.js:131:9)
208 verbose stack     at Async._drainQueues (/usr/local/lib/node_modules/npm/node_modules/bluebird/js/release/async.js:147:5)
208 verbose stack     at Immediate.Async.drainQueues [as _onImmediate] (/usr/local/lib/node_modules/npm/node_modules/bluebird/js/release/async.js:17:14)
208 verbose stack     at processImmediate (internal/timers.js:456:21)
209 verbose cwd /home/theia/.cache/typescript/3.6
210 verbose Linux 5.10.16.3-microsoft-standard-WSL2
211 verbose argv "/usr/local/bin/node" "/usr/local/bin/npm" "install" "--ignore-scripts" "@types/abbrev@ts3.6" "@types/accepts@ts3.6" "@types/are-we-there-yet@ts3.6" "@types/balanced-match@ts3.6" "@types/brace-expansion@ts3.6" "@types/bytes@ts3.6" "@types/cacache@ts3.6" "@types/call-bind@ts3.6" "@types/chownr@ts3.6" "@types/color-support@ts3.6" "@types/concat-map@ts3.6" "@types/content-disposition@ts3.6" "@types/content-type@ts3.6" "@types/cookie@ts3.6" "@types/cookie-signature@ts3.6" "@types/debug@ts3.6" "@types/delegates@ts3.6" "@types/depd@ts3.6" "@types/destroy@ts3.6" "@types/detect-libc@ts3.6" "@types/ee-first@ts3.6" "@types/encodeurl@ts3.6" "@types/escape-html@ts3.6" "@types/etag@ts3.6" "@types/finalhandler@ts3.6" "@types/forwarded@ts3.6" "@types/fresh@ts3.6" "@types/fs-minipass@ts3.6" "@types/function-bind@ts3.6" "@types/gauge@ts3.6" "@types/get-intrinsic@ts3.6" "@types/gopd@ts3.6" "@types/graceful-fs@ts3.6" "@types/has-property-descriptors@ts3.6" "@types/has-symbols@ts3.6" "@types/http-cache-semantics@ts3.6" "@types/http-errors@ts3.6" "@types/humanize-ms@ts3.6" "@types/imurmurhash@ts3.6" "@types/inflight@ts3.6" "@types/inherits@ts3.6" "@types/ip@ts3.6" "@types/is-lambda@ts3.6" "@types/isexe@ts3.6" "@types/make-fetch-happen@ts3.6" "@types/media-typer@ts3.6" "@types/methods@ts3.6" "@types/mime@ts3.6" "@types/mime-db@ts3.6" "@types/mime-types@ts3.6" "@types/minizlib@ts3.6" "@types/ms@ts3.6" "@types/negotiator@ts3.6" "@types/node-fetch@ts3.6" "@types/nopt@ts3.6" "@types/npmlog@ts3.6" "@types/object-assign@ts3.6" "@types/object-inspect@ts3.6" "@types/on-finished@ts3.6" "@types/once@ts3.6" "@types/parseurl@ts3.6" "@types/path-is-absolute@ts3.6" "@types/promise-inflight@ts3.6" "@types/promise-retry@ts3.6" "@types/proxy-addr@ts3.6" "@types/qs@ts3.6" "@types/range-parser@ts3.6" "@types/readable-stream@ts3.6" "@types/retry@ts3.6" "@types/safer-buffer@ts3.6" "@types/semver@ts3.6" "@types/send@ts3.6" "@types/set-blocking@ts3.6" "@types/signal-exit@ts3.6" "@types/ssri@ts3.6" "@types/statuses@ts3.6" "@types/tar@ts3.6" "@types/toidentifier@ts3.6" "@types/tr46@ts3.6" "@types/type-is@ts3.6" "@types/util-deprecate@ts3.6" "@types/utils-merge@ts3.6" "@types/vary@ts3.6" "@types/webidl-conversions@ts3.6" "@types/whatwg-url@ts3.6" "@types/which@ts3.6" "@types/yallist@ts3.6" "--save-dev" "--user-agent=typesInstaller/3.6.3"
212 verbose node v12.18.3
213 verbose npm  v6.14.6
214 error code ETARGET
215 error notarget No matching version found for @types/call-bind@ts3.6.
216 error notarget In most cases you or one of your dependencies are requesting
216 error notarget a package version that doesn't exist.
217 verbose exit [ 1, true ]
