0 info it worked if it ends with ok
1 verbose cli [
1 verbose cli   '/usr/local/bin/node',
1 verbose cli   '/usr/local/bin/npm',
1 verbose cli   'install',
1 verbose cli   '--ignore-scripts',
1 verbose cli   '@types/abbrev@ts3.6',
1 verbose cli   '@types/accepts@ts3.6',
1 verbose cli   '@types/ansi-align@ts3.6',
1 verbose cli   '@types/are-we-there-yet@ts3.6',
1 verbose cli   '@types/asn1@ts3.6',
1 verbose cli   '@types/assert-plus@ts3.6',
1 verbose cli   '@types/aws4@ts3.6',
1 verbose cli   '@types/balanced-match@ts3.6',
1 verbose cli   '@types/brace-expansion@ts3.6',
1 verbose cli   '@types/braces@ts3.6',
1 verbose cli   '@types/bytes@ts3.6',
1 verbose cli   '@types/caseless@ts3.6',
1 verbose cli   '@types/chownr@ts3.6',
1 verbose cli   '@types/color-convert@ts3.6',
1 verbose cli   '@types/color-name@ts3.6',
1 verbose cli   '@types/combined-stream@ts3.6',
1 verbose cli   '@types/concat-map@ts3.6',
1 verbose cli   '@types/configstore@ts3.6',
1 verbose cli   '@types/content-disposition@ts3.6',
1 verbose cli   '@types/content-type@ts3.6',
1 verbose cli   '@types/cookie@ts3.6',
1 verbose cli   '@types/cookie-signature@ts3.6',
1 verbose cli   '@types/core-util-is@ts3.6',
1 verbose cli   '@types/dashdash@ts3.6',
1 verbose cli   '@types/debug@ts3.6',
1 verbose cli   '@types/deep-extend@ts3.6',
1 verbose cli   '@types/delegates@ts3.6',
1 verbose cli   '@types/depd@ts3.6',
1 verbose cli   '@types/destroy@ts3.6',
1 verbose cli   '@types/detect-libc@ts3.6',
1 verbose cli   '@types/duplexer3@ts3.6',
1 verbose cli   '@types/ee-first@ts3.6',
1 verbose cli   '@types/encodeurl@ts3.6',
1 verbose cli   '@types/end-of-stream@ts3.6',
1 verbose cli   '@types/escape-html@ts3.6',
1 verbose cli   '@types/etag@ts3.6',
1 verbose cli   '@types/extend@ts3.6',
1 verbose cli   '@types/extsprintf@ts3.6',
1 verbose cli   '@types/fill-range@ts3.6',
1 verbose cli   '@types/finalhandler@ts3.6',
1 verbose cli   '@types/forever-agent@ts3.6',
1 verbose cli   '@types/forwarded@ts3.6',
1 verbose cli   '@types/fresh@ts3.6',
1 verbose cli   '@types/fs-minipass@ts3.6',
1 verbose cli   '@types/gauge@ts3.6',
1 verbose cli   '@types/getpass@ts3.6',
1 verbose cli   '@types/glob-parent@ts3.6',
1 verbose cli   '@types/graceful-fs@ts3.6',
1 verbose cli   '@types/http-cache-semantics@ts3.6',
1 verbose cli   '@types/http-errors@ts3.6',
1 verbose cli   '@types/http-signature@ts3.6',
1 verbose cli   '@types/ignore-by-default@ts3.6',
1 verbose cli   '@types/ignore-walk@ts3.6',
1 verbose cli   '@types/imurmurhash@ts3.6',
1 verbose cli   '@types/inflight@ts3.6',
1 verbose cli   '@types/inherits@ts3.6',
1 verbose cli   '@types/ini@ts3.6',
1 verbose cli   '@types/is-ci@ts3.6',
1 verbose cli   '@types/is-glob@ts3.6',
1 verbose cli   '@types/is-number@ts3.6',
1 verbose cli   '@types/is-typedarray@ts3.6',
1 verbose cli   '@types/isarray@ts3.6',
1 verbose cli   '@types/isexe@ts3.6',
1 verbose cli   '@types/isstream@ts3.6',
1 verbose cli   '@types/jsbn@ts3.6',
1 verbose cli   '@types/json-buffer@ts3.6',
1 verbose cli   '@types/json-schema@ts3.6',
1 verbose cli   '@types/json-stringify-safe@ts3.6',
1 verbose cli   '@types/jsprim@ts3.6',
1 verbose cli   '@types/media-typer@ts3.6',
1 verbose cli   '@types/methods@ts3.6',
1 verbose cli   '@types/mime@ts3.6',
1 verbose cli   '@types/mime-db@ts3.6',
1 verbose cli   '@types/mime-types@ts3.6',
1 verbose cli   '@types/minimist@ts3.6',
1 verbose cli   '@types/minizlib@ts3.6',
1 verbose cli   '@types/ms@ts3.6',
1 verbose cli   '@types/needle@ts3.6',
1 verbose cli   '@types/negotiator@ts3.6',
1 verbose cli   '@types/nopt@ts3.6',
1 verbose cli   '@types/normalize-path@ts3.6',
1 verbose cli   '@types/npm-packlist@ts3.6',
1 verbose cli   '@types/npmlog@ts3.6',
1 verbose cli   '@types/number-is-nan@ts3.6',
1 verbose cli   '@types/object-assign@ts3.6',
1 verbose cli   '@types/on-finished@ts3.6',
1 verbose cli   '@types/once@ts3.6',
1 verbose cli   '@types/os-homedir@ts3.6',
1 verbose cli   '@types/os-tmpdir@ts3.6',
1 verbose cli   '@types/osenv@ts3.6',
1 verbose cli   '@types/parseurl@ts3.6',
1 verbose cli   '@types/path-is-absolute@ts3.6',
1 verbose cli   '@types/picomatch@ts3.6',
1 verbose cli   '@types/proxy-addr@ts3.6',
1 verbose cli   '@types/psl@ts3.6',
1 verbose cli   '@types/pump@ts3.6',
1 verbose cli   ... 36 more items
1 verbose cli ]
2 info using npm@6.14.6
3 info using node@v12.18.3
4 verbose npm-session 6a931e8872bf7366
5 silly install loadCurrentTree
6 silly install readLocalPackageData
7 http fetch GET 200 https://registry.npmjs.org/@types%2fassert-plus 78ms (from cache)
8 silly pacote tag manifest for @types/assert-plus@ts3.6 fetched in 83ms
9 http fetch GET 304 https://registry.npmjs.org/@types%2fbrace-expansion 258ms (from cache)
10 silly pacote tag manifest for @types/brace-expansion@ts3.6 fetched in 261ms
11 http fetch GET 304 https://registry.npmjs.org/@types%2faws4 267ms (from cache)
12 http fetch GET 304 https://registry.npmjs.org/@types%2faccepts 272ms (from cache)
13 silly pacote tag manifest for @types/aws4@ts3.6 fetched in 270ms
14 http fetch GET 304 https://registry.npmjs.org/@types%2fasn1 276ms (from cache)
15 silly pacote tag manifest for @types/accepts@ts3.6 fetched in 278ms
16 silly pacote tag manifest for @types/asn1@ts3.6 fetched in 279ms
17 http fetch GET 304 https://registry.npmjs.org/@types%2fabbrev 293ms (from cache)
18 silly pacote tag manifest for @types/abbrev@ts3.6 fetched in 297ms
19 http fetch GET 304 https://registry.npmjs.org/@types%2fbytes 209ms (from cache)
20 silly pacote tag manifest for @types/bytes@ts3.6 fetched in 210ms
21 http fetch GET 304 https://registry.npmjs.org/@types%2fbalanced-match 341ms (from cache)
22 silly pacote tag manifest for @types/balanced-match@ts3.6 fetched in 343ms
23 http fetch GET 304 https://registry.npmjs.org/@types%2fcolor-name 85ms (from cache)
24 silly pacote tag manifest for @types/color-name@ts3.6 fetched in 87ms
25 http fetch GET 304 https://registry.npmjs.org/@types%2fchownr 95ms (from cache)
26 http fetch GET 304 https://registry.npmjs.org/@types%2fcaseless 102ms (from cache)
27 silly pacote tag manifest for @types/chownr@ts3.6 fetched in 97ms
28 silly pacote tag manifest for @types/caseless@ts3.6 fetched in 103ms
29 http fetch GET 200 https://registry.npmjs.org/@types%2fcontent-type 9ms (from cache)
30 silly pacote tag manifest for @types/content-type@ts3.6 fetched in 12ms
31 http fetch GET 200 https://registry.npmjs.org/@types%2fcookie-signature 4ms (from cache)
32 silly pacote tag manifest for @types/cookie-signature@ts3.6 fetched in 5ms
33 http fetch GET 304 https://registry.npmjs.org/@types%2fconcat-map 94ms (from cache)
34 silly pacote tag manifest for @types/concat-map@ts3.6 fetched in 95ms
35 http fetch GET 200 https://registry.npmjs.org/@types%2fcore-util-is 4ms (from cache)
36 silly registry:manifest no matching version for @types/core-util-is@ts3.6 in the cache. Forcing revalidation.
37 http fetch GET 304 https://registry.npmjs.org/@types%2fcombined-stream 124ms (from cache)
38 silly pacote tag manifest for @types/combined-stream@ts3.6 fetched in 126ms
39 http fetch GET 304 https://registry.npmjs.org/@types%2fcookie 90ms (from cache)
40 silly pacote tag manifest for @types/cookie@ts3.6 fetched in 92ms
41 http fetch GET 200 https://registry.npmjs.org/@types%2fdeep-extend 2ms (from cache)
42 http fetch GET 304 https://registry.npmjs.org/@types%2fcontent-disposition 101ms (from cache)
43 silly pacote tag manifest for @types/deep-extend@ts3.6 fetched in 5ms
44 http fetch GET 304 https://registry.npmjs.org/@types%2fconfigstore 124ms (from cache)
45 silly pacote tag manifest for @types/content-disposition@ts3.6 fetched in 106ms
46 silly pacote tag manifest for @types/configstore@ts3.6 fetched in 128ms
47 http fetch GET 200 https://registry.npmjs.org/@types%2fcore-util-is 97ms
48 silly fetchPackageMetaData error for @types/core-util-is@ts3.6 No matching version found for @types/core-util-is@ts3.6.
49 http fetch GET 304 https://registry.npmjs.org/@types%2fdashdash 100ms (from cache)
50 silly pacote tag manifest for @types/dashdash@ts3.6 fetched in 102ms
51 http fetch GET 304 https://registry.npmjs.org/@types%2fdebug 89ms (from cache)
52 silly pacote tag manifest for @types/debug@ts3.6 fetched in 91ms
53 http fetch GET 304 https://registry.npmjs.org/@types%2fdestroy 93ms (from cache)
54 silly pacote tag manifest for @types/destroy@ts3.6 fetched in 96ms
55 http fetch GET 304 https://registry.npmjs.org/@types%2fdetect-libc 87ms (from cache)
56 silly pacote tag manifest for @types/detect-libc@ts3.6 fetched in 91ms
57 http fetch GET 304 https://registry.npmjs.org/@types%2fduplexer3 102ms (from cache)
58 silly pacote tag manifest for @types/duplexer3@ts3.6 fetched in 104ms
59 http fetch GET 304 https://registry.npmjs.org/@types%2fee-first 101ms (from cache)
60 silly pacote tag manifest for @types/ee-first@ts3.6 fetched in 104ms
61 http fetch GET 304 https://registry.npmjs.org/@types%2fdepd 151ms (from cache)
62 silly pacote tag manifest for @types/depd@ts3.6 fetched in 153ms
63 http fetch GET 304 https://registry.npmjs.org/@types%2fencodeurl 100ms (from cache)
64 silly pacote tag manifest for @types/encodeurl@ts3.6 fetched in 103ms
65 http fetch GET 304 https://registry.npmjs.org/@types%2fend-of-stream 106ms (from cache)
66 silly pacote tag manifest for @types/end-of-stream@ts3.6 fetched in 107ms
67 http fetch GET 304 https://registry.npmjs.org/@types%2fetag 86ms (from cache)
68 silly pacote tag manifest for @types/etag@ts3.6 fetched in 87ms
69 http fetch GET 304 https://registry.npmjs.org/@types%2fextend 85ms (from cache)
70 silly pacote tag manifest for @types/extend@ts3.6 fetched in 86ms
71 http fetch GET 304 https://registry.npmjs.org/@types%2fescape-html 115ms (from cache)
72 silly pacote tag manifest for @types/escape-html@ts3.6 fetched in 118ms
73 http fetch GET 304 https://registry.npmjs.org/@types%2ffill-range 76ms (from cache)
74 silly registry:manifest no matching version for @types/fill-range@ts3.6 in the cache. Forcing revalidation.
75 http fetch GET 304 https://registry.npmjs.org/@types%2fextsprintf 129ms (from cache)
76 http fetch GET 304 https://registry.npmjs.org/@types%2ffinalhandler 107ms (from cache)
77 silly pacote tag manifest for @types/extsprintf@ts3.6 fetched in 133ms
78 silly pacote tag manifest for @types/finalhandler@ts3.6 fetched in 110ms
79 http fetch GET 304 https://registry.npmjs.org/@types%2fforwarded 93ms (from cache)
80 silly pacote tag manifest for @types/forwarded@ts3.6 fetched in 96ms
81 http fetch GET 200 https://registry.npmjs.org/@types%2ffresh 8ms (from cache)
82 silly pacote tag manifest for @types/fresh@ts3.6 fetched in 11ms
83 http fetch GET 304 https://registry.npmjs.org/@types%2fforever-agent 109ms (from cache)
84 silly pacote tag manifest for @types/forever-agent@ts3.6 fetched in 111ms
85 http fetch GET 200 https://registry.npmjs.org/@types%2ffill-range 83ms
86 silly fetchPackageMetaData error for @types/fill-range@ts3.6 No matching version found for @types/fill-range@ts3.6.
87 http fetch GET 200 https://registry.npmjs.org/@types%2fgauge 99ms
88 silly fetchPackageMetaData error for @types/gauge@ts3.6 No matching version found for @types/gauge@ts3.6.
89 http fetch GET 200 https://registry.npmjs.org/@types%2ffs-minipass 105ms
90 silly fetchPackageMetaData error for @types/fs-minipass@ts3.6 No matching version found for @types/fs-minipass@ts3.6.
91 http fetch GET 200 https://registry.npmjs.org/@types%2fhttp-cache-semantics 10ms (from cache)
92 http fetch GET 304 https://registry.npmjs.org/@types%2fgetpass 109ms (from cache)
93 silly pacote tag manifest for @types/http-cache-semantics@ts3.6 fetched in 15ms
94 silly pacote tag manifest for @types/getpass@ts3.6 fetched in 114ms
95 http fetch GET 200 https://registry.npmjs.org/@types%2fignore-by-default 5ms (from cache)
96 silly registry:manifest no matching version for @types/ignore-by-default@ts3.6 in the cache. Forcing revalidation.
97 http fetch GET 304 https://registry.npmjs.org/@types%2fglob-parent 120ms (from cache)
98 http fetch GET 304 https://registry.npmjs.org/@types%2fgraceful-fs 94ms (from cache)
99 silly pacote tag manifest for @types/glob-parent@ts3.6 fetched in 122ms
100 silly pacote tag manifest for @types/graceful-fs@ts3.6 fetched in 96ms
101 http fetch GET 304 https://registry.npmjs.org/@types%2fhttp-errors 83ms (from cache)
102 silly pacote tag manifest for @types/http-errors@ts3.6 fetched in 85ms
103 http fetch GET 304 https://registry.npmjs.org/@types%2fimurmurhash 69ms (from cache)
104 silly pacote tag manifest for @types/imurmurhash@ts3.6 fetched in 70ms
105 http fetch GET 304 https://registry.npmjs.org/@types%2fhttp-signature 125ms (from cache)
106 silly registry:manifest no matching version for @types/http-signature@ts3.6 in the cache. Forcing revalidation.
107 http fetch GET 304 https://registry.npmjs.org/@types%2finherits 74ms (from cache)
108 silly pacote tag manifest for @types/inherits@ts3.6 fetched in 82ms
109 http fetch GET 200 https://registry.npmjs.org/@types%2finflight 103ms
110 silly fetchPackageMetaData error for @types/inflight@ts3.6 No matching version found for @types/inflight@ts3.6.
111 http fetch GET 200 https://registry.npmjs.org/@types%2fis-ci 3ms (from cache)
112 silly pacote tag manifest for @types/is-ci@ts3.6 fetched in 5ms
113 http fetch GET 200 https://registry.npmjs.org/@types%2fhttp-signature 114ms
114 silly fetchPackageMetaData error for @types/http-signature@ts3.6 No matching version found for @types/http-signature@ts3.6.
115 http fetch GET 304 https://registry.npmjs.org/@types%2fini 83ms (from cache)
116 silly pacote tag manifest for @types/ini@ts3.6 fetched in 85ms
117 http fetch GET 304 https://registry.npmjs.org/@types%2fis-glob 78ms (from cache)
118 silly pacote tag manifest for @types/is-glob@ts3.6 fetched in 79ms
119 http fetch GET 304 https://registry.npmjs.org/@types%2fis-number 83ms (from cache)
120 silly pacote tag manifest for @types/is-number@ts3.6 fetched in 85ms
121 http fetch GET 200 https://registry.npmjs.org/@types%2fisexe 5ms (from cache)
122 silly pacote tag manifest for @types/isexe@ts3.6 fetched in 7ms
123 http fetch GET 304 https://registry.npmjs.org/@types%2fis-typedarray 90ms (from cache)
124 silly pacote tag manifest for @types/is-typedarray@ts3.6 fetched in 92ms
125 http fetch GET 200 https://registry.npmjs.org/@types%2fjsbn 4ms (from cache)
126 silly pacote tag manifest for @types/jsbn@ts3.6 fetched in 7ms
127 http fetch GET 304 https://registry.npmjs.org/@types%2fare-we-there-yet 1326ms (from cache)
128 silly pacote tag manifest for @types/are-we-there-yet@ts3.6 fetched in 1329ms
129 http fetch GET 304 https://registry.npmjs.org/@types%2fisstream 100ms (from cache)
130 http fetch GET 304 https://registry.npmjs.org/@types%2fjson-buffer 80ms (from cache)
131 silly pacote tag manifest for @types/isstream@ts3.6 fetched in 103ms
132 silly pacote tag manifest for @types/json-buffer@ts3.6 fetched in 84ms
133 http fetch GET 304 https://registry.npmjs.org/@types%2fjson-schema 93ms (from cache)
134 silly pacote tag manifest for @types/json-schema@ts3.6 fetched in 98ms
135 http fetch GET 304 https://registry.npmjs.org/@types%2fjson-stringify-safe 77ms (from cache)
136 silly pacote tag manifest for @types/json-stringify-safe@ts3.6 fetched in 80ms
137 http fetch GET 304 https://registry.npmjs.org/@types%2fansi-align 1557ms (from cache)
138 silly registry:manifest no matching version for @types/ansi-align@ts3.6 in the cache. Forcing revalidation.
139 http fetch GET 200 https://registry.npmjs.org/@types%2fansi-align 84ms
140 silly fetchPackageMetaData error for @types/ansi-align@ts3.6 No matching version found for @types/ansi-align@ts3.6.
141 http fetch GET 200 https://registry.npmjs.org/@types%2fdelegates 1232ms
142 silly fetchPackageMetaData error for @types/delegates@ts3.6 No matching version found for @types/delegates@ts3.6.
143 http fetch GET 304 https://registry.npmjs.org/@types%2fmime 138ms (from cache)
144 silly pacote tag manifest for @types/mime@ts3.6 fetched in 142ms
145 http fetch GET 304 https://registry.npmjs.org/@types%2fmedia-typer 361ms (from cache)
146 silly pacote tag manifest for @types/media-typer@ts3.6 fetched in 366ms
147 http fetch GET 304 https://registry.npmjs.org/@types%2fmime-db 94ms (from cache)
148 silly pacote tag manifest for @types/mime-db@ts3.6 fetched in 95ms
149 http fetch GET 304 https://registry.npmjs.org/@types%2fminimist 96ms (from cache)
150 silly pacote tag manifest for @types/minimist@ts3.6 fetched in 98ms
151 http fetch GET 304 https://registry.npmjs.org/@types%2fmime-types 108ms (from cache)
152 http fetch GET 304 https://registry.npmjs.org/@types%2fminizlib 97ms (from cache)
153 silly pacote tag manifest for @types/mime-types@ts3.6 fetched in 111ms
154 silly pacote tag manifest for @types/minizlib@ts3.6 fetched in 100ms
155 http fetch GET 304 https://registry.npmjs.org/@types%2fms 80ms (from cache)
156 silly pacote tag manifest for @types/ms@ts3.6 fetched in 85ms
157 http fetch GET 304 https://registry.npmjs.org/@types%2fneedle 90ms (from cache)
158 silly pacote tag manifest for @types/needle@ts3.6 fetched in 92ms
159 http fetch GET 304 https://registry.npmjs.org/@types%2fnopt 74ms (from cache)
160 silly pacote tag manifest for @types/nopt@ts3.6 fetched in 75ms
161 http fetch GET 304 https://registry.npmjs.org/@types%2fnormalize-path 97ms (from cache)
162 silly pacote tag manifest for @types/normalize-path@ts3.6 fetched in 99ms
163 http fetch GET 304 https://registry.npmjs.org/@types%2fnpmlog 100ms (from cache)
164 silly pacote tag manifest for @types/npmlog@ts3.6 fetched in 103ms
165 http fetch GET 304 https://registry.npmjs.org/@types%2fnumber-is-nan 86ms (from cache)
166 silly pacote tag manifest for @types/number-is-nan@ts3.6 fetched in 88ms
167 http fetch GET 304 https://registry.npmjs.org/@types%2fignore-walk 1403ms (from cache)
168 silly pacote tag manifest for @types/ignore-walk@ts3.6 fetched in 1406ms
169 http fetch GET 200 https://registry.npmjs.org/@types%2fon-finished 11ms (from cache)
170 silly pacote tag manifest for @types/on-finished@ts3.6 fetched in 14ms
171 http fetch GET 304 https://registry.npmjs.org/@types%2fobject-assign 94ms (from cache)
172 silly pacote tag manifest for @types/object-assign@ts3.6 fetched in 96ms
173 http fetch GET 304 https://registry.npmjs.org/@types%2fbraces 2414ms (from cache)
174 http fetch GET 304 https://registry.npmjs.org/@types%2fcolor-convert 2144ms (from cache)
175 silly pacote tag manifest for @types/braces@ts3.6 fetched in 2416ms
176 silly pacote tag manifest for @types/color-convert@ts3.6 fetched in 2147ms
177 http fetch GET 200 https://registry.npmjs.org/@types%2fos-tmpdir 4ms (from cache)
178 http fetch GET 200 https://registry.npmjs.org/@types%2fosenv 5ms (from cache)
179 silly pacote tag manifest for @types/os-tmpdir@ts3.6 fetched in 6ms
180 silly pacote tag manifest for @types/osenv@ts3.6 fetched in 7ms
181 http fetch GET 304 https://registry.npmjs.org/@types%2fos-homedir 70ms (from cache)
182 silly pacote tag manifest for @types/os-homedir@ts3.6 fetched in 71ms
183 http fetch GET 200 https://registry.npmjs.org/@types%2fpicomatch 1ms (from cache)
184 silly pacote tag manifest for @types/picomatch@ts3.6 fetched in 2ms
185 http fetch GET 200 https://registry.npmjs.org/@types%2fproxy-addr 2ms (from cache)
186 silly pacote tag manifest for @types/proxy-addr@ts3.6 fetched in 3ms
187 http fetch GET 304 https://registry.npmjs.org/@types%2fonce 98ms (from cache)
188 silly pacote tag manifest for @types/once@ts3.6 fetched in 101ms
189 http fetch GET 304 https://registry.npmjs.org/@types%2fpath-is-absolute 86ms (from cache)
190 silly pacote tag manifest for @types/path-is-absolute@ts3.6 fetched in 91ms
191 http fetch GET 200 https://registry.npmjs.org/@types%2fpunycode 9ms (from cache)
192 silly pacote tag manifest for @types/punycode@ts3.6 fetched in 10ms
193 http fetch GET 304 https://registry.npmjs.org/@types%2fparseurl 107ms (from cache)
194 silly pacote tag manifest for @types/parseurl@ts3.6 fetched in 109ms
195 http fetch GET 304 https://registry.npmjs.org/@types%2fpsl 85ms (from cache)
196 silly pacote tag manifest for @types/psl@ts3.6 fetched in 89ms
197 http fetch GET 304 https://registry.npmjs.org/@types%2fpump 81ms (from cache)
198 silly pacote tag manifest for @types/pump@ts3.6 fetched in 82ms
199 http fetch GET 200 https://registry.npmjs.org/@types%2freadable-stream 4ms (from cache)
200 silly pacote tag manifest for @types/readable-stream@ts3.6 fetched in 5ms
201 http fetch GET 200 https://registry.npmjs.org/@types%2fregistry-auth-token 3ms (from cache)
202 silly pacote tag manifest for @types/registry-auth-token@ts3.6 fetched in 5ms
203 http fetch GET 304 https://registry.npmjs.org/@types%2fnegotiator 669ms (from cache)
204 silly pacote tag manifest for @types/negotiator@ts3.6 fetched in 670ms
205 http fetch GET 304 https://registry.npmjs.org/@types%2fqs 88ms (from cache)
206 silly pacote tag manifest for @types/qs@ts3.6 fetched in 95ms
207 http fetch GET 200 https://registry.npmjs.org/@types%2fsafer-buffer 11ms (from cache)
208 silly pacote tag manifest for @types/safer-buffer@ts3.6 fetched in 15ms
209 http fetch GET 304 https://registry.npmjs.org/@types%2frange-parser 109ms (from cache)
210 http fetch GET 304 https://registry.npmjs.org/@types%2frc 105ms (from cache)
211 silly pacote tag manifest for @types/range-parser@ts3.6 fetched in 113ms
212 silly pacote tag manifest for @types/rc@ts3.6 fetched in 109ms
213 http fetch GET 304 https://registry.npmjs.org/@types%2fresponselike 91ms (from cache)
214 http fetch GET 304 https://registry.npmjs.org/@types%2frequest 100ms (from cache)
215 silly pacote tag manifest for @types/responselike@ts3.6 fetched in 94ms
216 silly pacote tag manifest for @types/request@ts3.6 fetched in 102ms
217 http fetch GET 304 https://registry.npmjs.org/@types%2fisarray 1473ms (from cache)
218 silly pacote tag manifest for @types/isarray@ts3.6 fetched in 1475ms
219 http fetch GET 200 https://registry.npmjs.org/@types%2fsshpk 2ms (from cache)
220 silly pacote tag manifest for @types/sshpk@ts3.6 fetched in 3ms
221 http fetch GET 304 https://registry.npmjs.org/@types%2fsemver 80ms (from cache)
222 silly pacote tag manifest for @types/semver@ts3.6 fetched in 83ms
223 http fetch GET 304 https://registry.npmjs.org/@types%2fsend 87ms (from cache)
224 http fetch GET 304 https://registry.npmjs.org/@types%2fsax 96ms (from cache)
225 silly pacote tag manifest for @types/send@ts3.6 fetched in 89ms
226 silly pacote tag manifest for @types/sax@ts3.6 fetched in 100ms
227 http fetch GET 200 https://registry.npmjs.org/@types%2fset-blocking 90ms
228 silly fetchPackageMetaData error for @types/set-blocking@ts3.6 No matching version found for @types/set-blocking@ts3.6.
229 http fetch GET 304 https://registry.npmjs.org/@types%2fstatuses 98ms (from cache)
230 silly pacote tag manifest for @types/statuses@ts3.6 fetched in 98ms
231 http fetch GET 304 https://registry.npmjs.org/@types%2fsignal-exit 115ms (from cache)
232 silly pacote tag manifest for @types/signal-exit@ts3.6 fetched in 116ms
233 http fetch GET 304 https://registry.npmjs.org/@types%2fsupports-color 95ms (from cache)
234 silly pacote tag manifest for @types/supports-color@ts3.6 fetched in 96ms
235 http fetch GET 304 https://registry.npmjs.org/@types%2ftar 91ms (from cache)
236 silly pacote tag manifest for @types/tar@ts3.6 fetched in 95ms
237 http fetch GET 200 https://registry.npmjs.org/@types%2ftypedarray-to-buffer 7ms (from cache)
238 silly registry:manifest no matching version for @types/typedarray-to-buffer@ts3.6 in the cache. Forcing revalidation.
239 http fetch GET 304 https://registry.npmjs.org/@types%2ftouch 83ms (from cache)
240 silly pacote tag manifest for @types/touch@ts3.6 fetched in 84ms
241 http fetch GET 200 https://registry.npmjs.org/@types%2ftoidentifier 101ms
242 silly fetchPackageMetaData error for @types/toidentifier@ts3.6 No matching version found for @types/toidentifier@ts3.6.
243 http fetch GET 304 https://registry.npmjs.org/@types%2fto-regex-range 111ms (from cache)
244 silly registry:manifest no matching version for @types/to-regex-range@ts3.6 in the cache. Forcing revalidation.
245 http fetch GET 200 https://registry.npmjs.org/@types%2fupdate-notifier 7ms (from cache)
246 silly pacote tag manifest for @types/update-notifier@ts3.6 fetched in 9ms
247 http fetch GET 304 https://registry.npmjs.org/@types%2ftype-is 86ms (from cache)
248 silly pacote tag manifest for @types/type-is@ts3.6 fetched in 91ms
249 http fetch GET 304 https://registry.npmjs.org/@types%2furl-parse-lax 81ms (from cache)
250 silly registry:manifest no matching version for @types/url-parse-lax@ts3.6 in the cache. Forcing revalidation.
251 http fetch GET 200 https://registry.npmjs.org/@types%2fto-regex-range 90ms
252 silly fetchPackageMetaData error for @types/to-regex-range@ts3.6 No matching version found for @types/to-regex-range@ts3.6.
253 http fetch GET 304 https://registry.npmjs.org/@types%2futil-deprecate 93ms (from cache)
254 silly pacote tag manifest for @types/util-deprecate@ts3.6 fetched in 95ms
255 http fetch GET 200 https://registry.npmjs.org/@types%2furl-parse-lax 94ms
256 silly fetchPackageMetaData error for @types/url-parse-lax@ts3.6 No matching version found for @types/url-parse-lax@ts3.6.
257 http fetch GET 304 https://registry.npmjs.org/@types%2futils-merge 114ms (from cache)
258 http fetch GET 304 https://registry.npmjs.org/@types%2fuuid 89ms (from cache)
259 http fetch GET 304 https://registry.npmjs.org/@types%2fvary 82ms (from cache)
260 silly pacote tag manifest for @types/utils-merge@ts3.6 fetched in 117ms
261 silly pacote tag manifest for @types/uuid@ts3.6 fetched in 92ms
262 silly pacote tag manifest for @types/vary@ts3.6 fetched in 84ms
263 http fetch GET 304 https://registry.npmjs.org/@types%2fyallist 71ms (from cache)
264 silly pacote tag manifest for @types/yallist@ts3.6 fetched in 72ms
265 http fetch GET 304 https://registry.npmjs.org/@types%2fverror 83ms (from cache)
266 silly pacote tag manifest for @types/verror@ts3.6 fetched in 84ms
267 http fetch GET 304 https://registry.npmjs.org/@types%2fwhich 86ms (from cache)
268 http fetch GET 304 https://registry.npmjs.org/@types%2fwrite-file-atomic 87ms (from cache)
269 silly pacote tag manifest for @types/which@ts3.6 fetched in 88ms
270 silly pacote tag manifest for @types/write-file-atomic@ts3.6 fetched in 89ms
271 http fetch GET 200 https://registry.npmjs.org/@types%2fignore-by-default 2518ms
272 silly fetchPackageMetaData error for @types/ignore-by-default@ts3.6 No matching version found for @types/ignore-by-default@ts3.6.
273 http fetch GET 304 https://registry.npmjs.org/@types%2fjsprim 2170ms (from cache)
274 silly registry:manifest no matching version for @types/jsprim@ts3.6 in the cache. Forcing revalidation.
275 http fetch GET 200 https://registry.npmjs.org/@types%2fjsprim 73ms
276 silly fetchPackageMetaData error for @types/jsprim@ts3.6 No matching version found for @types/jsprim@ts3.6.
277 http fetch GET 304 https://registry.npmjs.org/@types%2fmethods 2525ms (from cache)
278 silly pacote tag manifest for @types/methods@ts3.6 fetched in 2527ms
279 http fetch GET 304 https://registry.npmjs.org/@types%2fnpm-packlist 2406ms (from cache)
280 silly pacote tag manifest for @types/npm-packlist@ts3.6 fetched in 2408ms
281 http fetch GET 304 https://registry.npmjs.org/@types%2ftough-cookie 2229ms (from cache)
282 silly pacote tag manifest for @types/tough-cookie@ts3.6 fetched in 2232ms
283 http fetch GET 200 https://registry.npmjs.org/@types%2ftypedarray-to-buffer 2283ms
284 silly fetchPackageMetaData error for @types/typedarray-to-buffer@ts3.6 No matching version found for @types/typedarray-to-buffer@ts3.6.
285 timing stage:rollbackFailedOptional Completed in 1ms
286 timing stage:runTopLevelLifecycles Completed in 5185ms
287 verbose type tag
288 verbose stack @types/core-util-is: No matching version found for @types/core-util-is@ts3.6.
288 verbose stack     at pickManifest (/usr/local/lib/node_modules/npm/node_modules/npm-pick-manifest/index.js:122:13)
288 verbose stack     at /usr/local/lib/node_modules/npm/node_modules/pacote/lib/fetchers/registry/manifest.js:43:18
288 verbose stack     at tryCatcher (/usr/local/lib/node_modules/npm/node_modules/bluebird/js/release/util.js:16:23)
288 verbose stack     at Promise._settlePromiseFromHandler (/usr/local/lib/node_modules/npm/node_modules/bluebird/js/release/promise.js:517:31)
288 verbose stack     at Promise._settlePromise (/usr/local/lib/node_modules/npm/node_modules/bluebird/js/release/promise.js:574:18)
288 verbose stack     at Promise._settlePromise0 (/usr/local/lib/node_modules/npm/node_modules/bluebird/js/release/promise.js:619:10)
288 verbose stack     at Promise._settlePromises (/usr/local/lib/node_modules/npm/node_modules/bluebird/js/release/promise.js:699:18)
288 verbose stack     at _drainQueueStep (/usr/local/lib/node_modules/npm/node_modules/bluebird/js/release/async.js:138:12)
288 verbose stack     at _drainQueue (/usr/local/lib/node_modules/npm/node_modules/bluebird/js/release/async.js:131:9)
288 verbose stack     at Async._drainQueues (/usr/local/lib/node_modules/npm/node_modules/bluebird/js/release/async.js:147:5)
288 verbose stack     at Immediate.Async.drainQueues [as _onImmediate] (/usr/local/lib/node_modules/npm/node_modules/bluebird/js/release/async.js:17:14)
288 verbose stack     at processImmediate (internal/timers.js:456:21)
289 verbose cwd /home/theia/.cache/typescript/3.6
290 verbose Linux 5.10.16.3-microsoft-standard-WSL2
291 verbose argv "/usr/local/bin/node" "/usr/local/bin/npm" "install" "--ignore-scripts" "@types/abbrev@ts3.6" "@types/accepts@ts3.6" "@types/ansi-align@ts3.6" "@types/are-we-there-yet@ts3.6" "@types/asn1@ts3.6" "@types/assert-plus@ts3.6" "@types/aws4@ts3.6" "@types/balanced-match@ts3.6" "@types/brace-expansion@ts3.6" "@types/braces@ts3.6" "@types/bytes@ts3.6" "@types/caseless@ts3.6" "@types/chownr@ts3.6" "@types/color-convert@ts3.6" "@types/color-name@ts3.6" "@types/combined-stream@ts3.6" "@types/concat-map@ts3.6" "@types/configstore@ts3.6" "@types/content-disposition@ts3.6" "@types/content-type@ts3.6" "@types/cookie@ts3.6" "@types/cookie-signature@ts3.6" "@types/core-util-is@ts3.6" "@types/dashdash@ts3.6" "@types/debug@ts3.6" "@types/deep-extend@ts3.6" "@types/delegates@ts3.6" "@types/depd@ts3.6" "@types/destroy@ts3.6" "@types/detect-libc@ts3.6" "@types/duplexer3@ts3.6" "@types/ee-first@ts3.6" "@types/encodeurl@ts3.6" "@types/end-of-stream@ts3.6" "@types/escape-html@ts3.6" "@types/etag@ts3.6" "@types/extend@ts3.6" "@types/extsprintf@ts3.6" "@types/fill-range@ts3.6" "@types/finalhandler@ts3.6" "@types/forever-agent@ts3.6" "@types/forwarded@ts3.6" "@types/fresh@ts3.6" "@types/fs-minipass@ts3.6" "@types/gauge@ts3.6" "@types/getpass@ts3.6" "@types/glob-parent@ts3.6" "@types/graceful-fs@ts3.6" "@types/http-cache-semantics@ts3.6" "@types/http-errors@ts3.6" "@types/http-signature@ts3.6" "@types/ignore-by-default@ts3.6" "@types/ignore-walk@ts3.6" "@types/imurmurhash@ts3.6" "@types/inflight@ts3.6" "@types/inherits@ts3.6" "@types/ini@ts3.6" "@types/is-ci@ts3.6" "@types/is-glob@ts3.6" "@types/is-number@ts3.6" "@types/is-typedarray@ts3.6" "@types/isarray@ts3.6" "@types/isexe@ts3.6" "@types/isstream@ts3.6" "@types/jsbn@ts3.6" "@types/json-buffer@ts3.6" "@types/json-schema@ts3.6" "@types/json-stringify-safe@ts3.6" "@types/jsprim@ts3.6" "@types/media-typer@ts3.6" "@types/methods@ts3.6" "@types/mime@ts3.6" "@types/mime-db@ts3.6" "@types/mime-types@ts3.6" "@types/minimist@ts3.6" "@types/minizlib@ts3.6" "@types/ms@ts3.6" "@types/needle@ts3.6" "@types/negotiator@ts3.6" "@types/nopt@ts3.6" "@types/normalize-path@ts3.6" "@types/npm-packlist@ts3.6" "@types/npmlog@ts3.6" "@types/number-is-nan@ts3.6" "@types/object-assign@ts3.6" "@types/on-finished@ts3.6" "@types/once@ts3.6" "@types/os-homedir@ts3.6" "@types/os-tmpdir@ts3.6" "@types/osenv@ts3.6" "@types/parseurl@ts3.6" "@types/path-is-absolute@ts3.6" "@types/picomatch@ts3.6" "@types/proxy-addr@ts3.6" "@types/psl@ts3.6" "@types/pump@ts3.6" "@types/punycode@ts3.6" "@types/qs@ts3.6" "@types/range-parser@ts3.6" "@types/rc@ts3.6" "@types/readable-stream@ts3.6" "@types/registry-auth-token@ts3.6" "@types/request@ts3.6" "@types/responselike@ts3.6" "@types/safer-buffer@ts3.6" "@types/sax@ts3.6" "@types/semver@ts3.6" "@types/send@ts3.6" "@types/set-blocking@ts3.6" "@types/signal-exit@ts3.6" "@types/sshpk@ts3.6" "@types/statuses@ts3.6" "@types/supports-color@ts3.6" "@types/tar@ts3.6" "@types/to-regex-range@ts3.6" "@types/toidentifier@ts3.6" "@types/touch@ts3.6" "@types/tough-cookie@ts3.6" "@types/type-is@ts3.6" "@types/typedarray-to-buffer@ts3.6" "@types/update-notifier@ts3.6" "@types/url-parse-lax@ts3.6" "@types/util-deprecate@ts3.6" "@types/utils-merge@ts3.6" "@types/uuid@ts3.6" "@types/vary@ts3.6" "@types/verror@ts3.6" "@types/which@ts3.6" "@types/write-file-atomic@ts3.6" "@types/yallist@ts3.6" "--save-dev" "--user-agent=typesInstaller/3.6.3"
292 verbose node v12.18.3
293 verbose npm  v6.14.6
294 error code ETARGET
295 error notarget No matching version found for @types/core-util-is@ts3.6.
296 error notarget In most cases you or one of your dependencies are requesting
296 error notarget a package version that doesn't exist.
297 verbose exit [ 1, true ]
